2026-03-19 23:05:00,110 [INFO] NB04 started at 2026-03-19T23:05:00.110864
2026-03-19 23:05:00,169 [INFO] Stations to process: 48,435 (after QC filter)
2026-03-19 23:05:00,177 [INFO] Countries to process: 23
2026-03-19 23:05:00,857 [WARNING] CPLE_AppDefined in PROJ: internal_proj_create_from_database: /home/agbelgaid/anaconda3/share/proj/proj.db contains DATABASE.LAYOUT.VERSION.MINOR = 2 whereas a number >= 3 is expected. It comes from another PROJ installation.
2026-03-19 23:05:01,182 [WARNING] CPLE_AppDefined in PROJ: internal_proj_create_from_database: /home/agbelgaid/anaconda3/share/proj/proj.db contains DATABASE.LAYOUT.VERSION.MINOR = 2 whereas a number >= 3 is expected. It comes from another PROJ installation.
2026-03-19 23:05:01,519 [WARNING] CPLE_AppDefined in PROJ: internal_proj_create_from_database: /home/agbelgaid/anaconda3/share/proj/proj.db contains DATABASE.LAYOUT.VERSION.MINOR = 2 whereas a number >= 3 is expected. It comes from another PROJ installation.
2026-03-19 23:05:01,965 [WARNING] CPLE_AppDefined in PROJ: internal_proj_create_from_database: /home/agbelgaid/anaconda3/share/proj/proj.db contains DATABASE.LAYOUT.VERSION.MINOR = 2 whereas a number >= 3 is expected. It comes from another PROJ installation.
2026-03-19 23:05:02,890 [WARNING] CPLE_AppDefined in PROJ: internal_proj_create_from_database: /home/agbelgaid/anaconda3/share/proj/proj.db contains DATABASE.LAYOUT.VERSION.MINOR = 2 whereas a number >= 3 is expected. It comes from another PROJ installation.
2026-03-19 23:05:04,005 [WARNING] CPLE_AppDefined in PROJ: internal_proj_create_from_database: /home/agbelgaid/anaconda3/share/proj/proj.db contains DATABASE.LAYOUT.VERSION.MINOR = 2 whereas a number >= 3 is expected. It comes from another PROJ installation.
2026-03-19 23:05:04,229 [WARNING] CPLE_AppDefined in PROJ: internal_proj_create_from_database: /home/agbelgaid/anaconda3/share/proj/proj.db contains DATABASE.LAYOUT.VERSION.MINOR = 2 whereas a number >= 3 is expected. It comes from another PROJ installation.
2026-03-19 23:05:04,598 [WARNING] CPLE_AppDefined in PROJ: internal_proj_create_from_database: /home/agbelgaid/anaconda3/share/proj/proj.db contains DATABASE.LAYOUT.VERSION.MINOR = 2 whereas a number >= 3 is expected. It comes from another PROJ installation.
2026-03-19 23:05:04,926 [WARNING] CPLE_AppDefined in PROJ: internal_proj_create_from_database: /home/agbelgaid/anaconda3/share/proj/proj.db contains DATABASE.LAYOUT.VERSION.MINOR = 2 whereas a number >= 3 is expected. It comes from another PROJ installation.
2026-03-19 23:05:05,275 [WARNING] CPLE_AppDefined in PROJ: internal_proj_create_from_database: /home/agbelgaid/anaconda3/share/proj/proj.db contains DATABASE.LAYOUT.VERSION.MINOR = 2 whereas a number >= 3 is expected. It comes from another PROJ installation.
2026-03-19 23:05:05,583 [WARNING] CPLE_AppDefined in PROJ: internal_proj_create_from_database: /home/agbelgaid/anaconda3/share/proj/proj.db contains DATABASE.LAYOUT.VERSION.MINOR = 2 whereas a number >= 3 is expected. It comes from another PROJ installation.
2026-03-19 23:05:05,899 [WARNING] CPLE_AppDefined in PROJ: internal_proj_create_from_database: /home/agbelgaid/anaconda3/share/proj/proj.db contains DATABASE.LAYOUT.VERSION.MINOR = 2 whereas a number >= 3 is expected. It comes from another PROJ installation.
2026-03-19 23:05:06,187 [WARNING] CPLE_AppDefined in PROJ: internal_proj_create_from_database: /home/agbelgaid/anaconda3/share/proj/proj.db contains DATABASE.LAYOUT.VERSION.MINOR = 2 whereas a number >= 3 is expected. It comes from another PROJ installation.
2026-03-19 23:05:06,291 [INFO]   AGO: 1571 stations | best coverage 100% | BD:1565, CEC:1567, CF:1568, clay:1568, N:1568, occ:1567, pH:1567, sand:1568, silt:1568, occ_carbon:1565, WR_volumetric:1567, WR_volumetric2:1567, WR_gravimetric:1567
2026-03-19 23:05:06,438 [WARNING] CPLE_AppDefined in PROJ: internal_proj_create_from_database: /home/agbelgaid/anaconda3/share/proj/proj.db contains DATABASE.LAYOUT.VERSION.MINOR = 2 whereas a number >= 3 is expected. It comes from another PROJ installation.
2026-03-19 23:05:06,469 [WARNING] CPLE_AppDefined in PROJ: internal_proj_create_from_database: /home/agbelgaid/anaconda3/share/proj/proj.db contains DATABASE.LAYOUT.VERSION.MINOR = 2 whereas a number >= 3 is expected. It comes from another PROJ installation.
2026-03-19 23:05:06,512 [WARNING] CPLE_AppDefined in PROJ: internal_proj_create_from_database: /home/agbelgaid/anaconda3/share/proj/proj.db contains DATABASE.LAYOUT.VERSION.MINOR = 2 whereas a number >= 3 is expected. It comes from another PROJ installation.
2026-03-19 23:05:06,541 [WARNING] CPLE_AppDefined in PROJ: internal_proj_create_from_database: /home/agbelgaid/anaconda3/share/proj/proj.db contains DATABASE.LAYOUT.VERSION.MINOR = 2 whereas a number >= 3 is expected. It comes from another PROJ installation.
2026-03-19 23:05:06,614 [WARNING] CPLE_AppDefined in PROJ: internal_proj_create_from_database: /home/agbelgaid/anaconda3/share/proj/proj.db contains DATABASE.LAYOUT.VERSION.MINOR = 2 whereas a number >= 3 is expected. It comes from another PROJ installation.
2026-03-19 23:05:06,655 [WARNING] CPLE_AppDefined in PROJ: internal_proj_create_from_database: /home/agbelgaid/anaconda3/share/proj/proj.db contains DATABASE.LAYOUT.VERSION.MINOR = 2 whereas a number >= 3 is expected. It comes from another PROJ installation.
2026-03-19 23:05:06,692 [WARNING] CPLE_AppDefined in PROJ: internal_proj_create_from_database: /home/agbelgaid/anaconda3/share/proj/proj.db contains DATABASE.LAYOUT.VERSION.MINOR = 2 whereas a number >= 3 is expected. It comes from another PROJ installation.
2026-03-19 23:05:06,723 [WARNING] CPLE_AppDefined in PROJ: internal_proj_create_from_database: /home/agbelgaid/anaconda3/share/proj/proj.db contains DATABASE.LAYOUT.VERSION.MINOR = 2 whereas a number >= 3 is expected. It comes from another PROJ installation.
2026-03-19 23:05:06,764 [WARNING] CPLE_AppDefined in PROJ: internal_proj_create_from_database: /home/agbelgaid/anaconda3/share/proj/proj.db contains DATABASE.LAYOUT.VERSION.MINOR = 2 whereas a number >= 3 is expected. It comes from another PROJ installation.
2026-03-19 23:05:06,812 [WARNING] CPLE_AppDefined in PROJ: internal_proj_create_from_database: /home/agbelgaid/anaconda3/share/proj/proj.db contains DATABASE.LAYOUT.VERSION.MINOR = 2 whereas a number >= 3 is expected. It comes from another PROJ installation.
2026-03-19 23:05:06,847 [WARNING] CPLE_AppDefined in PROJ: internal_proj_create_from_database: /home/agbelgaid/anaconda3/share/proj/proj.db contains DATABASE.LAYOUT.VERSION.MINOR = 2 whereas a number >= 3 is expected. It comes from another PROJ installation.
2026-03-19 23:05:06,880 [WARNING] CPLE_AppDefined in PROJ: internal_proj_create_from_database: /home/agbelgaid/anaconda3/share/proj/proj.db contains DATABASE.LAYOUT.VERSION.MINOR = 2 whereas a number >= 3 is expected. It comes from another PROJ installation.
2026-03-19 23:05:06,914 [WARNING] CPLE_AppDefined in PROJ: internal_proj_create_from_database: /home/agbelgaid/anaconda3/share/proj/proj.db contains DATABASE.LAYOUT.VERSION.MINOR = 2 whereas a number >= 3 is expected. It comes from another PROJ installation.
2026-03-19 23:05:06,926 [INFO]   ALB: 67 stations | best coverage 93% | BD:62, CEC:61, CF:61, clay:61, N:61, occ:61, pH:61, sand:61, silt:61, occ_carbon:62, WR_volumetric:61, WR_volumetric2:61, WR_gravimetric:61
2026-03-19 23:05:07,475 [WARNING] CPLE_AppDefined in PROJ: internal_proj_create_from_database: /home/agbelgaid/anaconda3/share/proj/proj.db contains DATABASE.LAYOUT.VERSION.MINOR = 2 whereas a number >= 3 is expected. It comes from another PROJ installation.
2026-03-19 23:05:10,445 [WARNING] CPLE_AppDefined in PROJ: internal_proj_create_from_database: /home/agbelgaid/anaconda3/share/proj/proj.db contains DATABASE.LAYOUT.VERSION.MINOR = 2 whereas a number >= 3 is expected. It comes from another PROJ installation.
2026-03-19 23:05:13,428 [WARNING] CPLE_AppDefined in PROJ: internal_proj_create_from_database: /home/agbelgaid/anaconda3/share/proj/proj.db contains DATABASE.LAYOUT.VERSION.MINOR = 2 whereas a number >= 3 is expected. It comes from another PROJ installation.
2026-03-19 23:05:16,383 [WARNING] CPLE_AppDefined in PROJ: internal_proj_create_from_database: /home/agbelgaid/anaconda3/share/proj/proj.db contains DATABASE.LAYOUT.VERSION.MINOR = 2 whereas a number >= 3 is expected. It comes from another PROJ installation.
2026-03-19 23:05:19,205 [WARNING] CPLE_AppDefined in PROJ: internal_proj_create_from_database: /home/agbelgaid/anaconda3/share/proj/proj.db contains DATABASE.LAYOUT.VERSION.MINOR = 2 whereas a number >= 3 is expected. It comes from another PROJ installation.
2026-03-19 23:05:22,131 [WARNING] CPLE_AppDefined in PROJ: internal_proj_create_from_database: /home/agbelgaid/anaconda3/share/proj/proj.db contains DATABASE.LAYOUT.VERSION.MINOR = 2 whereas a number >= 3 is expected. It comes from another PROJ installation.
2026-03-19 23:05:24,497 [WARNING] CPLE_AppDefined in PROJ: internal_proj_create_from_database: /home/agbelgaid/anaconda3/share/proj/proj.db contains DATABASE.LAYOUT.VERSION.MINOR = 2 whereas a number >= 3 is expected. It comes from another PROJ installation.
2026-03-19 23:05:27,916 [WARNING] CPLE_AppDefined in PROJ: internal_proj_create_from_database: /home/agbelgaid/anaconda3/share/proj/proj.db contains DATABASE.LAYOUT.VERSION.MINOR = 2 whereas a number >= 3 is expected. It comes from another PROJ installation.
2026-03-19 23:05:30,956 [WARNING] CPLE_AppDefined in PROJ: internal_proj_create_from_database: /home/agbelgaid/anaconda3/share/proj/proj.db contains DATABASE.LAYOUT.VERSION.MINOR = 2 whereas a number >= 3 is expected. It comes from another PROJ installation.
2026-03-19 23:05:33,964 [WARNING] CPLE_AppDefined in PROJ: internal_proj_create_from_database: /home/agbelgaid/anaconda3/share/proj/proj.db contains DATABASE.LAYOUT.VERSION.MINOR = 2 whereas a number >= 3 is expected. It comes from another PROJ installation.
2026-03-19 23:05:36,699 [WARNING] CPLE_AppDefined in PROJ: internal_proj_create_from_database: /home/agbelgaid/anaconda3/share/proj/proj.db contains DATABASE.LAYOUT.VERSION.MINOR = 2 whereas a number >= 3 is expected. It comes from another PROJ installation.
2026-03-19 23:05:39,544 [WARNING] CPLE_AppDefined in PROJ: internal_proj_create_from_database: /home/agbelgaid/anaconda3/share/proj/proj.db contains DATABASE.LAYOUT.VERSION.MINOR = 2 whereas a number >= 3 is expected. It comes from another PROJ installation.
2026-03-19 23:05:42,481 [WARNING] CPLE_AppDefined in PROJ: internal_proj_create_from_database: /home/agbelgaid/anaconda3/share/proj/proj.db contains DATABASE.LAYOUT.VERSION.MINOR = 2 whereas a number >= 3 is expected. It comes from another PROJ installation.
2026-03-19 23:05:44,546 [INFO]   AUS: 33748 stations | best coverage 98% | BD:32911, CEC:32946, CF:32946, clay:32946, N:32946, occ:32946, pH:32946, sand:32946, silt:32946, occ_carbon:32912, WR_volumetric:32946, WR_volumetric2:32946, WR_gravimetric:32946
2026-03-19 23:05:44,656 [WARNING] CPLE_AppDefined in PROJ: internal_proj_create_from_database: /home/agbelgaid/anaconda3/share/proj/proj.db contains DATABASE.LAYOUT.VERSION.MINOR = 2 whereas a number >= 3 is expected. It comes from another PROJ installation.
2026-03-19 23:05:44,686 [WARNING] CPLE_AppDefined in PROJ: internal_proj_create_from_database: /home/agbelgaid/anaconda3/share/proj/proj.db contains DATABASE.LAYOUT.VERSION.MINOR = 2 whereas a number >= 3 is expected. It comes from another PROJ installation.
2026-03-19 23:05:44,736 [WARNING] CPLE_AppDefined in PROJ: internal_proj_create_from_database: /home/agbelgaid/anaconda3/share/proj/proj.db contains DATABASE.LAYOUT.VERSION.MINOR = 2 whereas a number >= 3 is expected. It comes from another PROJ installation.
2026-03-19 23:05:44,770 [WARNING] CPLE_AppDefined in PROJ: internal_proj_create_from_database: /home/agbelgaid/anaconda3/share/proj/proj.db contains DATABASE.LAYOUT.VERSION.MINOR = 2 whereas a number >= 3 is expected. It comes from another PROJ installation.
2026-03-19 23:05:44,806 [WARNING] CPLE_AppDefined in PROJ: internal_proj_create_from_database: /home/agbelgaid/anaconda3/share/proj/proj.db contains DATABASE.LAYOUT.VERSION.MINOR = 2 whereas a number >= 3 is expected. It comes from another PROJ installation.
2026-03-19 23:05:44,891 [WARNING] CPLE_AppDefined in PROJ: internal_proj_create_from_database: /home/agbelgaid/anaconda3/share/proj/proj.db contains DATABASE.LAYOUT.VERSION.MINOR = 2 whereas a number >= 3 is expected. It comes from another PROJ installation.
2026-03-19 23:05:44,928 [WARNING] CPLE_AppDefined in PROJ: internal_proj_create_from_database: /home/agbelgaid/anaconda3/share/proj/proj.db contains DATABASE.LAYOUT.VERSION.MINOR = 2 whereas a number >= 3 is expected. It comes from another PROJ installation.
2026-03-19 23:05:44,959 [WARNING] CPLE_AppDefined in PROJ: internal_proj_create_from_database: /home/agbelgaid/anaconda3/share/proj/proj.db contains DATABASE.LAYOUT.VERSION.MINOR = 2 whereas a number >= 3 is expected. It comes from another PROJ installation.
2026-03-19 23:05:44,991 [WARNING] CPLE_AppDefined in PROJ: internal_proj_create_from_database: /home/agbelgaid/anaconda3/share/proj/proj.db contains DATABASE.LAYOUT.VERSION.MINOR = 2 whereas a number >= 3 is expected. It comes from another PROJ installation.
2026-03-19 23:05:45,029 [WARNING] CPLE_AppDefined in PROJ: internal_proj_create_from_database: /home/agbelgaid/anaconda3/share/proj/proj.db contains DATABASE.LAYOUT.VERSION.MINOR = 2 whereas a number >= 3 is expected. It comes from another PROJ installation.
2026-03-19 23:05:45,058 [WARNING] CPLE_AppDefined in PROJ: internal_proj_create_from_database: /home/agbelgaid/anaconda3/share/proj/proj.db contains DATABASE.LAYOUT.VERSION.MINOR = 2 whereas a number >= 3 is expected. It comes from another PROJ installation.
2026-03-19 23:05:45,087 [WARNING] CPLE_AppDefined in PROJ: internal_proj_create_from_database: /home/agbelgaid/anaconda3/share/proj/proj.db contains DATABASE.LAYOUT.VERSION.MINOR = 2 whereas a number >= 3 is expected. It comes from another PROJ installation.
2026-03-19 23:05:45,116 [WARNING] CPLE_AppDefined in PROJ: internal_proj_create_from_database: /home/agbelgaid/anaconda3/share/proj/proj.db contains DATABASE.LAYOUT.VERSION.MINOR = 2 whereas a number >= 3 is expected. It comes from another PROJ installation.
2026-03-19 23:05:45,128 [INFO]   BDI: 28 stations | best coverage 96% | BD:27, CEC:27, CF:27, clay:27, N:27, occ:27, pH:27, sand:27, silt:27, occ_carbon:27, WR_volumetric:27, WR_volumetric2:27, WR_gravimetric:27
2026-03-19 23:05:45,212 [WARNING] CPLE_AppDefined in PROJ: internal_proj_create_from_database: /home/agbelgaid/anaconda3/share/proj/proj.db contains DATABASE.LAYOUT.VERSION.MINOR = 2 whereas a number >= 3 is expected. It comes from another PROJ installation.
2026-03-19 23:05:45,310 [WARNING] CPLE_AppDefined in PROJ: internal_proj_create_from_database: /home/agbelgaid/anaconda3/share/proj/proj.db contains DATABASE.LAYOUT.VERSION.MINOR = 2 whereas a number >= 3 is expected. It comes from another PROJ installation.
2026-03-19 23:05:45,403 [WARNING] CPLE_AppDefined in PROJ: internal_proj_create_from_database: /home/agbelgaid/anaconda3/share/proj/proj.db contains DATABASE.LAYOUT.VERSION.MINOR = 2 whereas a number >= 3 is expected. It comes from another PROJ installation.
2026-03-19 23:05:45,499 [WARNING] CPLE_AppDefined in PROJ: internal_proj_create_from_database: /home/agbelgaid/anaconda3/share/proj/proj.db contains DATABASE.LAYOUT.VERSION.MINOR = 2 whereas a number >= 3 is expected. It comes from another PROJ installation.
2026-03-19 23:05:45,593 [WARNING] CPLE_AppDefined in PROJ: internal_proj_create_from_database: /home/agbelgaid/anaconda3/share/proj/proj.db contains DATABASE.LAYOUT.VERSION.MINOR = 2 whereas a number >= 3 is expected. It comes from another PROJ installation.
2026-03-19 23:05:45,685 [WARNING] CPLE_AppDefined in PROJ: internal_proj_create_from_database: /home/agbelgaid/anaconda3/share/proj/proj.db contains DATABASE.LAYOUT.VERSION.MINOR = 2 whereas a number >= 3 is expected. It comes from another PROJ installation.
2026-03-19 23:05:45,917 [WARNING] CPLE_AppDefined in PROJ: internal_proj_create_from_database: /home/agbelgaid/anaconda3/share/proj/proj.db contains DATABASE.LAYOUT.VERSION.MINOR = 2 whereas a number >= 3 is expected. It comes from another PROJ installation.
2026-03-19 23:05:46,022 [WARNING] CPLE_AppDefined in PROJ: internal_proj_create_from_database: /home/agbelgaid/anaconda3/share/proj/proj.db contains DATABASE.LAYOUT.VERSION.MINOR = 2 whereas a number >= 3 is expected. It comes from another PROJ installation.
2026-03-19 23:05:46,116 [WARNING] CPLE_AppDefined in PROJ: internal_proj_create_from_database: /home/agbelgaid/anaconda3/share/proj/proj.db contains DATABASE.LAYOUT.VERSION.MINOR = 2 whereas a number >= 3 is expected. It comes from another PROJ installation.
2026-03-19 23:05:46,212 [WARNING] CPLE_AppDefined in PROJ: internal_proj_create_from_database: /home/agbelgaid/anaconda3/share/proj/proj.db contains DATABASE.LAYOUT.VERSION.MINOR = 2 whereas a number >= 3 is expected. It comes from another PROJ installation.
2026-03-19 23:05:46,306 [WARNING] CPLE_AppDefined in PROJ: internal_proj_create_from_database: /home/agbelgaid/anaconda3/share/proj/proj.db contains DATABASE.LAYOUT.VERSION.MINOR = 2 whereas a number >= 3 is expected. It comes from another PROJ installation.
2026-03-19 23:05:46,398 [WARNING] CPLE_AppDefined in PROJ: internal_proj_create_from_database: /home/agbelgaid/anaconda3/share/proj/proj.db contains DATABASE.LAYOUT.VERSION.MINOR = 2 whereas a number >= 3 is expected. It comes from another PROJ installation.
2026-03-19 23:05:46,492 [WARNING] CPLE_AppDefined in PROJ: internal_proj_create_from_database: /home/agbelgaid/anaconda3/share/proj/proj.db contains DATABASE.LAYOUT.VERSION.MINOR = 2 whereas a number >= 3 is expected. It comes from another PROJ installation.
2026-03-19 23:05:46,536 [INFO]   BEN: 716 stations | best coverage 98% | BD:702, CEC:704, CF:704, clay:704, N:704, occ:704, pH:704, sand:704, silt:704, occ_carbon:702, WR_volumetric:704, WR_volumetric2:704, WR_gravimetric:704
2026-03-19 23:05:46,630 [WARNING] CPLE_AppDefined in PROJ: internal_proj_create_from_database: /home/agbelgaid/anaconda3/share/proj/proj.db contains DATABASE.LAYOUT.VERSION.MINOR = 2 whereas a number >= 3 is expected. It comes from another PROJ installation.
2026-03-19 23:05:46,783 [WARNING] CPLE_AppDefined in PROJ: internal_proj_create_from_database: /home/agbelgaid/anaconda3/share/proj/proj.db contains DATABASE.LAYOUT.VERSION.MINOR = 2 whereas a number >= 3 is expected. It comes from another PROJ installation.
2026-03-19 23:05:46,947 [WARNING] CPLE_AppDefined in PROJ: internal_proj_create_from_database: /home/agbelgaid/anaconda3/share/proj/proj.db contains DATABASE.LAYOUT.VERSION.MINOR = 2 whereas a number >= 3 is expected. It comes from another PROJ installation.
2026-03-19 23:05:47,105 [WARNING] CPLE_AppDefined in PROJ: internal_proj_create_from_database: /home/agbelgaid/anaconda3/share/proj/proj.db contains DATABASE.LAYOUT.VERSION.MINOR = 2 whereas a number >= 3 is expected. It comes from another PROJ installation.
2026-03-19 23:05:47,268 [WARNING] CPLE_AppDefined in PROJ: internal_proj_create_from_database: /home/agbelgaid/anaconda3/share/proj/proj.db contains DATABASE.LAYOUT.VERSION.MINOR = 2 whereas a number >= 3 is expected. It comes from another PROJ installation.
2026-03-19 23:05:47,418 [WARNING] CPLE_AppDefined in PROJ: internal_proj_create_from_database: /home/agbelgaid/anaconda3/share/proj/proj.db contains DATABASE.LAYOUT.VERSION.MINOR = 2 whereas a number >= 3 is expected. It comes from another PROJ installation.
2026-03-19 23:05:47,561 [WARNING] CPLE_AppDefined in PROJ: internal_proj_create_from_database: /home/agbelgaid/anaconda3/share/proj/proj.db contains DATABASE.LAYOUT.VERSION.MINOR = 2 whereas a number >= 3 is expected. It comes from another PROJ installation.
2026-03-19 23:05:47,736 [WARNING] CPLE_AppDefined in PROJ: internal_proj_create_from_database: /home/agbelgaid/anaconda3/share/proj/proj.db contains DATABASE.LAYOUT.VERSION.MINOR = 2 whereas a number >= 3 is expected. It comes from another PROJ installation.
2026-03-19 23:05:47,904 [WARNING] CPLE_AppDefined in PROJ: internal_proj_create_from_database: /home/agbelgaid/anaconda3/share/proj/proj.db contains DATABASE.LAYOUT.VERSION.MINOR = 2 whereas a number >= 3 is expected. It comes from another PROJ installation.
2026-03-19 23:05:48,064 [WARNING] CPLE_AppDefined in PROJ: internal_proj_create_from_database: /home/agbelgaid/anaconda3/share/proj/proj.db contains DATABASE.LAYOUT.VERSION.MINOR = 2 whereas a number >= 3 is expected. It comes from another PROJ installation.
2026-03-19 23:05:48,214 [WARNING] CPLE_AppDefined in PROJ: internal_proj_create_from_database: /home/agbelgaid/anaconda3/share/proj/proj.db contains DATABASE.LAYOUT.VERSION.MINOR = 2 whereas a number >= 3 is expected. It comes from another PROJ installation.
2026-03-19 23:05:48,375 [WARNING] CPLE_AppDefined in PROJ: internal_proj_create_from_database: /home/agbelgaid/anaconda3/share/proj/proj.db contains DATABASE.LAYOUT.VERSION.MINOR = 2 whereas a number >= 3 is expected. It comes from another PROJ installation.
2026-03-19 23:05:48,541 [WARNING] CPLE_AppDefined in PROJ: internal_proj_create_from_database: /home/agbelgaid/anaconda3/share/proj/proj.db contains DATABASE.LAYOUT.VERSION.MINOR = 2 whereas a number >= 3 is expected. It comes from another PROJ installation.
2026-03-19 23:05:48,637 [INFO]   BFA: 1671 stations | best coverage 100% | BD:1668, CEC:1669, CF:1669, clay:1669, N:1669, occ:1669, pH:1669, sand:1669, silt:1669, occ_carbon:1668, WR_volumetric:1669, WR_volumetric2:1669, WR_gravimetric:1669
2026-03-19 23:05:48,773 [WARNING] CPLE_AppDefined in PROJ: internal_proj_create_from_database: /home/agbelgaid/anaconda3/share/proj/proj.db contains DATABASE.LAYOUT.VERSION.MINOR = 2 whereas a number >= 3 is expected. It comes from another PROJ installation.
2026-03-19 23:05:48,966 [WARNING] CPLE_AppDefined in PROJ: internal_proj_create_from_database: /home/agbelgaid/anaconda3/share/proj/proj.db contains DATABASE.LAYOUT.VERSION.MINOR = 2 whereas a number >= 3 is expected. It comes from another PROJ installation.
2026-03-19 23:05:49,176 [WARNING] CPLE_AppDefined in PROJ: internal_proj_create_from_database: /home/agbelgaid/anaconda3/share/proj/proj.db contains DATABASE.LAYOUT.VERSION.MINOR = 2 whereas a number >= 3 is expected. It comes from another PROJ installation.
2026-03-19 23:05:49,392 [WARNING] CPLE_AppDefined in PROJ: internal_proj_create_from_database: /home/agbelgaid/anaconda3/share/proj/proj.db contains DATABASE.LAYOUT.VERSION.MINOR = 2 whereas a number >= 3 is expected. It comes from another PROJ installation.
2026-03-19 23:05:49,590 [WARNING] CPLE_AppDefined in PROJ: internal_proj_create_from_database: /home/agbelgaid/anaconda3/share/proj/proj.db contains DATABASE.LAYOUT.VERSION.MINOR = 2 whereas a number >= 3 is expected. It comes from another PROJ installation.
2026-03-19 23:05:49,790 [WARNING] CPLE_AppDefined in PROJ: internal_proj_create_from_database: /home/agbelgaid/anaconda3/share/proj/proj.db contains DATABASE.LAYOUT.VERSION.MINOR = 2 whereas a number >= 3 is expected. It comes from another PROJ installation.
2026-03-19 23:05:49,946 [WARNING] CPLE_AppDefined in PROJ: internal_proj_create_from_database: /home/agbelgaid/anaconda3/share/proj/proj.db contains DATABASE.LAYOUT.VERSION.MINOR = 2 whereas a number >= 3 is expected. It comes from another PROJ installation.
2026-03-19 23:05:50,160 [WARNING] CPLE_AppDefined in PROJ: internal_proj_create_from_database: /home/agbelgaid/anaconda3/share/proj/proj.db contains DATABASE.LAYOUT.VERSION.MINOR = 2 whereas a number >= 3 is expected. It comes from another PROJ installation.
2026-03-19 23:05:50,362 [WARNING] CPLE_AppDefined in PROJ: internal_proj_create_from_database: /home/agbelgaid/anaconda3/share/proj/proj.db contains DATABASE.LAYOUT.VERSION.MINOR = 2 whereas a number >= 3 is expected. It comes from another PROJ installation.
2026-03-19 23:05:50,565 [WARNING] CPLE_AppDefined in PROJ: internal_proj_create_from_database: /home/agbelgaid/anaconda3/share/proj/proj.db contains DATABASE.LAYOUT.VERSION.MINOR = 2 whereas a number >= 3 is expected. It comes from another PROJ installation.
2026-03-19 23:05:50,742 [WARNING] CPLE_AppDefined in PROJ: internal_proj_create_from_database: /home/agbelgaid/anaconda3/share/proj/proj.db contains DATABASE.LAYOUT.VERSION.MINOR = 2 whereas a number >= 3 is expected. It comes from another PROJ installation.
2026-03-19 23:05:51,001 [WARNING] CPLE_AppDefined in PROJ: internal_proj_create_from_database: /home/agbelgaid/anaconda3/share/proj/proj.db contains DATABASE.LAYOUT.VERSION.MINOR = 2 whereas a number >= 3 is expected. It comes from another PROJ installation.
2026-03-19 23:05:51,186 [WARNING] CPLE_AppDefined in PROJ: internal_proj_create_from_database: /home/agbelgaid/anaconda3/share/proj/proj.db contains DATABASE.LAYOUT.VERSION.MINOR = 2 whereas a number >= 3 is expected. It comes from another PROJ installation.
2026-03-19 23:05:51,266 [INFO]   BWA: 1253 stations | best coverage 98% | BD:1229, CEC:1229, CF:1229, clay:1229, N:1229, occ:1229, pH:1229, sand:1229, silt:1229, occ_carbon:1229, WR_volumetric:1229, WR_volumetric2:1229, WR_gravimetric:1229
2026-03-19 23:05:51,428 [WARNING] CPLE_AppDefined in PROJ: internal_proj_create_from_database: /home/agbelgaid/anaconda3/share/proj/proj.db contains DATABASE.LAYOUT.VERSION.MINOR = 2 whereas a number >= 3 is expected. It comes from another PROJ installation.
2026-03-19 23:05:51,545 [WARNING] CPLE_AppDefined in PROJ: internal_proj_create_from_database: /home/agbelgaid/anaconda3/share/proj/proj.db contains DATABASE.LAYOUT.VERSION.MINOR = 2 whereas a number >= 3 is expected. It comes from another PROJ installation.
2026-03-19 23:05:51,690 [WARNING] CPLE_AppDefined in PROJ: internal_proj_create_from_database: /home/agbelgaid/anaconda3/share/proj/proj.db contains DATABASE.LAYOUT.VERSION.MINOR = 2 whereas a number >= 3 is expected. It comes from another PROJ installation.
2026-03-19 23:05:51,818 [WARNING] CPLE_AppDefined in PROJ: internal_proj_create_from_database: /home/agbelgaid/anaconda3/share/proj/proj.db contains DATABASE.LAYOUT.VERSION.MINOR = 2 whereas a number >= 3 is expected. It comes from another PROJ installation.
2026-03-19 23:05:51,950 [WARNING] CPLE_AppDefined in PROJ: internal_proj_create_from_database: /home/agbelgaid/anaconda3/share/proj/proj.db contains DATABASE.LAYOUT.VERSION.MINOR = 2 whereas a number >= 3 is expected. It comes from another PROJ installation.
2026-03-19 23:05:52,100 [WARNING] CPLE_AppDefined in PROJ: internal_proj_create_from_database: /home/agbelgaid/anaconda3/share/proj/proj.db contains DATABASE.LAYOUT.VERSION.MINOR = 2 whereas a number >= 3 is expected. It comes from another PROJ installation.
2026-03-19 23:05:52,171 [WARNING] CPLE_AppDefined in PROJ: internal_proj_create_from_database: /home/agbelgaid/anaconda3/share/proj/proj.db contains DATABASE.LAYOUT.VERSION.MINOR = 2 whereas a number >= 3 is expected. It comes from another PROJ installation.
2026-03-19 23:05:52,330 [WARNING] CPLE_AppDefined in PROJ: internal_proj_create_from_database: /home/agbelgaid/anaconda3/share/proj/proj.db contains DATABASE.LAYOUT.VERSION.MINOR = 2 whereas a number >= 3 is expected. It comes from another PROJ installation.
2026-03-19 23:05:52,478 [WARNING] CPLE_AppDefined in PROJ: internal_proj_create_from_database: /home/agbelgaid/anaconda3/share/proj/proj.db contains DATABASE.LAYOUT.VERSION.MINOR = 2 whereas a number >= 3 is expected. It comes from another PROJ installation.
2026-03-19 23:05:52,630 [WARNING] CPLE_AppDefined in PROJ: internal_proj_create_from_database: /home/agbelgaid/anaconda3/share/proj/proj.db contains DATABASE.LAYOUT.VERSION.MINOR = 2 whereas a number >= 3 is expected. It comes from another PROJ installation.
2026-03-19 23:05:52,751 [WARNING] CPLE_AppDefined in PROJ: internal_proj_create_from_database: /home/agbelgaid/anaconda3/share/proj/proj.db contains DATABASE.LAYOUT.VERSION.MINOR = 2 whereas a number >= 3 is expected. It comes from another PROJ installation.
2026-03-19 23:05:52,869 [WARNING] CPLE_AppDefined in PROJ: internal_proj_create_from_database: /home/agbelgaid/anaconda3/share/proj/proj.db contains DATABASE.LAYOUT.VERSION.MINOR = 2 whereas a number >= 3 is expected. It comes from another PROJ installation.
2026-03-19 23:05:53,006 [WARNING] CPLE_AppDefined in PROJ: internal_proj_create_from_database: /home/agbelgaid/anaconda3/share/proj/proj.db contains DATABASE.LAYOUT.VERSION.MINOR = 2 whereas a number >= 3 is expected. It comes from another PROJ installation.
2026-03-19 23:05:53,019 [INFO]   CAF: 80 stations | best coverage 100% | BD:80, CEC:80, CF:80, clay:80, N:80, occ:80, pH:80, sand:80, silt:80, occ_carbon:80, WR_volumetric:80, WR_volumetric2:80, WR_gravimetric:80
2026-03-19 23:05:53,144 [WARNING] CPLE_AppDefined in PROJ: internal_proj_create_from_database: /home/agbelgaid/anaconda3/share/proj/proj.db contains DATABASE.LAYOUT.VERSION.MINOR = 2 whereas a number >= 3 is expected. It comes from another PROJ installation.
2026-03-19 23:05:53,311 [WARNING] CPLE_AppDefined in PROJ: internal_proj_create_from_database: /home/agbelgaid/anaconda3/share/proj/proj.db contains DATABASE.LAYOUT.VERSION.MINOR = 2 whereas a number >= 3 is expected. It comes from another PROJ installation.
2026-03-19 23:05:53,507 [WARNING] CPLE_AppDefined in PROJ: internal_proj_create_from_database: /home/agbelgaid/anaconda3/share/proj/proj.db contains DATABASE.LAYOUT.VERSION.MINOR = 2 whereas a number >= 3 is expected. It comes from another PROJ installation.
2026-03-19 23:05:53,699 [WARNING] CPLE_AppDefined in PROJ: internal_proj_create_from_database: /home/agbelgaid/anaconda3/share/proj/proj.db contains DATABASE.LAYOUT.VERSION.MINOR = 2 whereas a number >= 3 is expected. It comes from another PROJ installation.
2026-03-19 23:05:53,891 [WARNING] CPLE_AppDefined in PROJ: internal_proj_create_from_database: /home/agbelgaid/anaconda3/share/proj/proj.db contains DATABASE.LAYOUT.VERSION.MINOR = 2 whereas a number >= 3 is expected. It comes from another PROJ installation.
2026-03-19 23:05:54,076 [WARNING] CPLE_AppDefined in PROJ: internal_proj_create_from_database: /home/agbelgaid/anaconda3/share/proj/proj.db contains DATABASE.LAYOUT.VERSION.MINOR = 2 whereas a number >= 3 is expected. It comes from another PROJ installation.
2026-03-19 23:05:54,210 [WARNING] CPLE_AppDefined in PROJ: internal_proj_create_from_database: /home/agbelgaid/anaconda3/share/proj/proj.db contains DATABASE.LAYOUT.VERSION.MINOR = 2 whereas a number >= 3 is expected. It comes from another PROJ installation.
2026-03-19 23:05:54,391 [WARNING] CPLE_AppDefined in PROJ: internal_proj_create_from_database: /home/agbelgaid/anaconda3/share/proj/proj.db contains DATABASE.LAYOUT.VERSION.MINOR = 2 whereas a number >= 3 is expected. It comes from another PROJ installation.
2026-03-19 23:05:54,568 [WARNING] CPLE_AppDefined in PROJ: internal_proj_create_from_database: /home/agbelgaid/anaconda3/share/proj/proj.db contains DATABASE.LAYOUT.VERSION.MINOR = 2 whereas a number >= 3 is expected. It comes from another PROJ installation.
2026-03-19 23:05:54,754 [WARNING] CPLE_AppDefined in PROJ: internal_proj_create_from_database: /home/agbelgaid/anaconda3/share/proj/proj.db contains DATABASE.LAYOUT.VERSION.MINOR = 2 whereas a number >= 3 is expected. It comes from another PROJ installation.
2026-03-19 23:05:54,908 [WARNING] CPLE_AppDefined in PROJ: internal_proj_create_from_database: /home/agbelgaid/anaconda3/share/proj/proj.db contains DATABASE.LAYOUT.VERSION.MINOR = 2 whereas a number >= 3 is expected. It comes from another PROJ installation.
2026-03-19 23:05:55,070 [WARNING] CPLE_AppDefined in PROJ: internal_proj_create_from_database: /home/agbelgaid/anaconda3/share/proj/proj.db contains DATABASE.LAYOUT.VERSION.MINOR = 2 whereas a number >= 3 is expected. It comes from another PROJ installation.
2026-03-19 23:05:55,246 [WARNING] CPLE_AppDefined in PROJ: internal_proj_create_from_database: /home/agbelgaid/anaconda3/share/proj/proj.db contains DATABASE.LAYOUT.VERSION.MINOR = 2 whereas a number >= 3 is expected. It comes from another PROJ installation.
2026-03-19 23:05:55,332 [INFO]   CMR: 1323 stations | best coverage 99% | BD:1296, CEC:1307, CF:1308, clay:1308, N:1308, occ:1307, pH:1307, sand:1308, silt:1308, occ_carbon:1300, WR_volumetric:1308, WR_volumetric2:1308, WR_gravimetric:1307
2026-03-19 23:05:55,486 [WARNING] CPLE_AppDefined in PROJ: internal_proj_create_from_database: /home/agbelgaid/anaconda3/share/proj/proj.db contains DATABASE.LAYOUT.VERSION.MINOR = 2 whereas a number >= 3 is expected. It comes from another PROJ installation.
2026-03-19 23:05:55,766 [WARNING] CPLE_AppDefined in PROJ: internal_proj_create_from_database: /home/agbelgaid/anaconda3/share/proj/proj.db contains DATABASE.LAYOUT.VERSION.MINOR = 2 whereas a number >= 3 is expected. It comes from another PROJ installation.
2026-03-19 23:05:56,046 [WARNING] CPLE_AppDefined in PROJ: internal_proj_create_from_database: /home/agbelgaid/anaconda3/share/proj/proj.db contains DATABASE.LAYOUT.VERSION.MINOR = 2 whereas a number >= 3 is expected. It comes from another PROJ installation.
2026-03-19 23:05:56,302 [WARNING] CPLE_AppDefined in PROJ: internal_proj_create_from_database: /home/agbelgaid/anaconda3/share/proj/proj.db contains DATABASE.LAYOUT.VERSION.MINOR = 2 whereas a number >= 3 is expected. It comes from another PROJ installation.
2026-03-19 23:05:56,564 [WARNING] CPLE_AppDefined in PROJ: internal_proj_create_from_database: /home/agbelgaid/anaconda3/share/proj/proj.db contains DATABASE.LAYOUT.VERSION.MINOR = 2 whereas a number >= 3 is expected. It comes from another PROJ installation.
2026-03-19 23:05:56,811 [WARNING] CPLE_AppDefined in PROJ: internal_proj_create_from_database: /home/agbelgaid/anaconda3/share/proj/proj.db contains DATABASE.LAYOUT.VERSION.MINOR = 2 whereas a number >= 3 is expected. It comes from another PROJ installation.
2026-03-19 23:05:57,039 [WARNING] CPLE_AppDefined in PROJ: internal_proj_create_from_database: /home/agbelgaid/anaconda3/share/proj/proj.db contains DATABASE.LAYOUT.VERSION.MINOR = 2 whereas a number >= 3 is expected. It comes from another PROJ installation.
2026-03-19 23:05:57,305 [WARNING] CPLE_AppDefined in PROJ: internal_proj_create_from_database: /home/agbelgaid/anaconda3/share/proj/proj.db contains DATABASE.LAYOUT.VERSION.MINOR = 2 whereas a number >= 3 is expected. It comes from another PROJ installation.
2026-03-19 23:05:57,595 [WARNING] CPLE_AppDefined in PROJ: internal_proj_create_from_database: /home/agbelgaid/anaconda3/share/proj/proj.db contains DATABASE.LAYOUT.VERSION.MINOR = 2 whereas a number >= 3 is expected. It comes from another PROJ installation.
2026-03-19 23:05:57,904 [WARNING] CPLE_AppDefined in PROJ: internal_proj_create_from_database: /home/agbelgaid/anaconda3/share/proj/proj.db contains DATABASE.LAYOUT.VERSION.MINOR = 2 whereas a number >= 3 is expected. It comes from another PROJ installation.
2026-03-19 23:05:58,126 [WARNING] CPLE_AppDefined in PROJ: internal_proj_create_from_database: /home/agbelgaid/anaconda3/share/proj/proj.db contains DATABASE.LAYOUT.VERSION.MINOR = 2 whereas a number >= 3 is expected. It comes from another PROJ installation.
2026-03-19 23:05:58,358 [WARNING] CPLE_AppDefined in PROJ: internal_proj_create_from_database: /home/agbelgaid/anaconda3/share/proj/proj.db contains DATABASE.LAYOUT.VERSION.MINOR = 2 whereas a number >= 3 is expected. It comes from another PROJ installation.
2026-03-19 23:05:58,654 [WARNING] CPLE_AppDefined in PROJ: internal_proj_create_from_database: /home/agbelgaid/anaconda3/share/proj/proj.db contains DATABASE.LAYOUT.VERSION.MINOR = 2 whereas a number >= 3 is expected. It comes from another PROJ installation.
2026-03-19 23:05:58,788 [INFO]   DEU: 2873 stations | best coverage 95% | BD:2724, CEC:2713, CF:2713, clay:2713, N:2713, occ:2713, pH:2713, sand:2713, silt:2713, occ_carbon:2724, WR_volumetric:2713, WR_volumetric2:2713, WR_gravimetric:2713
2026-03-19 23:05:59,022 [WARNING] CPLE_AppDefined in PROJ: internal_proj_create_from_database: /home/agbelgaid/anaconda3/share/proj/proj.db contains DATABASE.LAYOUT.VERSION.MINOR = 2 whereas a number >= 3 is expected. It comes from another PROJ installation.
2026-03-19 23:05:59,404 [WARNING] CPLE_AppDefined in PROJ: internal_proj_create_from_database: /home/agbelgaid/anaconda3/share/proj/proj.db contains DATABASE.LAYOUT.VERSION.MINOR = 2 whereas a number >= 3 is expected. It comes from another PROJ installation.
2026-03-19 23:05:59,823 [WARNING] CPLE_AppDefined in PROJ: internal_proj_create_from_database: /home/agbelgaid/anaconda3/share/proj/proj.db contains DATABASE.LAYOUT.VERSION.MINOR = 2 whereas a number >= 3 is expected. It comes from another PROJ installation.
2026-03-19 23:06:00,521 [WARNING] CPLE_AppDefined in PROJ: internal_proj_create_from_database: /home/agbelgaid/anaconda3/share/proj/proj.db contains DATABASE.LAYOUT.VERSION.MINOR = 2 whereas a number >= 3 is expected. It comes from another PROJ installation.
2026-03-19 23:06:01,178 [WARNING] CPLE_AppDefined in PROJ: internal_proj_create_from_database: /home/agbelgaid/anaconda3/share/proj/proj.db contains DATABASE.LAYOUT.VERSION.MINOR = 2 whereas a number >= 3 is expected. It comes from another PROJ installation.
2026-03-19 23:06:01,494 [WARNING] CPLE_AppDefined in PROJ: internal_proj_create_from_database: /home/agbelgaid/anaconda3/share/proj/proj.db contains DATABASE.LAYOUT.VERSION.MINOR = 2 whereas a number >= 3 is expected. It comes from another PROJ installation.
2026-03-19 23:06:02,090 [WARNING] CPLE_AppDefined in PROJ: internal_proj_create_from_database: /home/agbelgaid/anaconda3/share/proj/proj.db contains DATABASE.LAYOUT.VERSION.MINOR = 2 whereas a number >= 3 is expected. It comes from another PROJ installation.
2026-03-19 23:06:02,613 [WARNING] CPLE_AppDefined in PROJ: internal_proj_create_from_database: /home/agbelgaid/anaconda3/share/proj/proj.db contains DATABASE.LAYOUT.VERSION.MINOR = 2 whereas a number >= 3 is expected. It comes from another PROJ installation.
2026-03-19 23:06:03,286 [WARNING] CPLE_AppDefined in PROJ: internal_proj_create_from_database: /home/agbelgaid/anaconda3/share/proj/proj.db contains DATABASE.LAYOUT.VERSION.MINOR = 2 whereas a number >= 3 is expected. It comes from another PROJ installation.
2026-03-19 23:06:03,820 [WARNING] CPLE_AppDefined in PROJ: internal_proj_create_from_database: /home/agbelgaid/anaconda3/share/proj/proj.db contains DATABASE.LAYOUT.VERSION.MINOR = 2 whereas a number >= 3 is expected. It comes from another PROJ installation.
2026-03-19 23:06:05,964 [WARNING] CPLE_AppDefined in PROJ: internal_proj_create_from_database: /home/agbelgaid/anaconda3/share/proj/proj.db contains DATABASE.LAYOUT.VERSION.MINOR = 2 whereas a number >= 3 is expected. It comes from another PROJ installation.
2026-03-19 23:06:07,238 [WARNING] CPLE_AppDefined in PROJ: internal_proj_create_from_database: /home/agbelgaid/anaconda3/share/proj/proj.db contains DATABASE.LAYOUT.VERSION.MINOR = 2 whereas a number >= 3 is expected. It comes from another PROJ installation.
2026-03-19 23:06:07,691 [WARNING] CPLE_AppDefined in PROJ: internal_proj_create_from_database: /home/agbelgaid/anaconda3/share/proj/proj.db contains DATABASE.LAYOUT.VERSION.MINOR = 2 whereas a number >= 3 is expected. It comes from another PROJ installation.
2026-03-19 23:06:07,703 [INFO]   DZA: 10 stations | best coverage 100% | BD:10, CEC:9, CF:9, clay:9, N:9, occ:9, pH:9, sand:9, silt:9, occ_carbon:10, WR_volumetric:9, WR_volumetric2:9, WR_gravimetric:9
2026-03-19 23:06:07,855 [WARNING] CPLE_AppDefined in PROJ: internal_proj_create_from_database: /home/agbelgaid/anaconda3/share/proj/proj.db contains DATABASE.LAYOUT.VERSION.MINOR = 2 whereas a number >= 3 is expected. It comes from another PROJ installation.
2026-03-19 23:06:08,000 [WARNING] CPLE_AppDefined in PROJ: internal_proj_create_from_database: /home/agbelgaid/anaconda3/share/proj/proj.db contains DATABASE.LAYOUT.VERSION.MINOR = 2 whereas a number >= 3 is expected. It comes from another PROJ installation.
2026-03-19 23:06:08,148 [WARNING] CPLE_AppDefined in PROJ: internal_proj_create_from_database: /home/agbelgaid/anaconda3/share/proj/proj.db contains DATABASE.LAYOUT.VERSION.MINOR = 2 whereas a number >= 3 is expected. It comes from another PROJ installation.
2026-03-19 23:06:08,248 [WARNING] CPLE_AppDefined in PROJ: internal_proj_create_from_database: /home/agbelgaid/anaconda3/share/proj/proj.db contains DATABASE.LAYOUT.VERSION.MINOR = 2 whereas a number >= 3 is expected. It comes from another PROJ installation.
2026-03-19 23:06:08,311 [WARNING] CPLE_AppDefined in PROJ: internal_proj_create_from_database: /home/agbelgaid/anaconda3/share/proj/proj.db contains DATABASE.LAYOUT.VERSION.MINOR = 2 whereas a number >= 3 is expected. It comes from another PROJ installation.
2026-03-19 23:06:08,763 [WARNING] CPLE_AppDefined in PROJ: internal_proj_create_from_database: /home/agbelgaid/anaconda3/share/proj/proj.db contains DATABASE.LAYOUT.VERSION.MINOR = 2 whereas a number >= 3 is expected. It comes from another PROJ installation.
2026-03-19 23:06:08,909 [WARNING] CPLE_AppDefined in PROJ: internal_proj_create_from_database: /home/agbelgaid/anaconda3/share/proj/proj.db contains DATABASE.LAYOUT.VERSION.MINOR = 2 whereas a number >= 3 is expected. It comes from another PROJ installation.
2026-03-19 23:06:08,973 [WARNING] CPLE_AppDefined in PROJ: internal_proj_create_from_database: /home/agbelgaid/anaconda3/share/proj/proj.db contains DATABASE.LAYOUT.VERSION.MINOR = 2 whereas a number >= 3 is expected. It comes from another PROJ installation.
2026-03-19 23:06:09,120 [WARNING] CPLE_AppDefined in PROJ: internal_proj_create_from_database: /home/agbelgaid/anaconda3/share/proj/proj.db contains DATABASE.LAYOUT.VERSION.MINOR = 2 whereas a number >= 3 is expected. It comes from another PROJ installation.
2026-03-19 23:06:09,193 [WARNING] CPLE_AppDefined in PROJ: internal_proj_create_from_database: /home/agbelgaid/anaconda3/share/proj/proj.db contains DATABASE.LAYOUT.VERSION.MINOR = 2 whereas a number >= 3 is expected. It comes from another PROJ installation.
2026-03-19 23:06:09,256 [WARNING] CPLE_AppDefined in PROJ: internal_proj_create_from_database: /home/agbelgaid/anaconda3/share/proj/proj.db contains DATABASE.LAYOUT.VERSION.MINOR = 2 whereas a number >= 3 is expected. It comes from another PROJ installation.
2026-03-19 23:06:09,446 [WARNING] CPLE_AppDefined in PROJ: internal_proj_create_from_database: /home/agbelgaid/anaconda3/share/proj/proj.db contains DATABASE.LAYOUT.VERSION.MINOR = 2 whereas a number >= 3 is expected. It comes from another PROJ installation.
2026-03-19 23:06:09,884 [WARNING] CPLE_AppDefined in PROJ: internal_proj_create_from_database: /home/agbelgaid/anaconda3/share/proj/proj.db contains DATABASE.LAYOUT.VERSION.MINOR = 2 whereas a number >= 3 is expected. It comes from another PROJ installation.
2026-03-19 23:06:09,907 [INFO]   EST: 202 stations | best coverage 100% | BD:201, CEC:201, CF:201, clay:201, N:201, occ:201, pH:201, sand:201, silt:201, occ_carbon:201, WR_volumetric:201, WR_volumetric2:201, WR_gravimetric:201
2026-03-19 23:06:10,622 [WARNING] CPLE_AppDefined in PROJ: internal_proj_create_from_database: /home/agbelgaid/anaconda3/share/proj/proj.db contains DATABASE.LAYOUT.VERSION.MINOR = 2 whereas a number >= 3 is expected. It comes from another PROJ installation.
2026-03-19 23:06:11,147 [WARNING] CPLE_AppDefined in PROJ: internal_proj_create_from_database: /home/agbelgaid/anaconda3/share/proj/proj.db contains DATABASE.LAYOUT.VERSION.MINOR = 2 whereas a number >= 3 is expected. It comes from another PROJ installation.
2026-03-19 23:06:12,099 [WARNING] CPLE_AppDefined in PROJ: internal_proj_create_from_database: /home/agbelgaid/anaconda3/share/proj/proj.db contains DATABASE.LAYOUT.VERSION.MINOR = 2 whereas a number >= 3 is expected. It comes from another PROJ installation.
2026-03-19 23:06:12,890 [WARNING] CPLE_AppDefined in PROJ: internal_proj_create_from_database: /home/agbelgaid/anaconda3/share/proj/proj.db contains DATABASE.LAYOUT.VERSION.MINOR = 2 whereas a number >= 3 is expected. It comes from another PROJ installation.
2026-03-19 23:06:13,544 [WARNING] CPLE_AppDefined in PROJ: internal_proj_create_from_database: /home/agbelgaid/anaconda3/share/proj/proj.db contains DATABASE.LAYOUT.VERSION.MINOR = 2 whereas a number >= 3 is expected. It comes from another PROJ installation.
2026-03-19 23:06:14,482 [WARNING] CPLE_AppDefined in PROJ: internal_proj_create_from_database: /home/agbelgaid/anaconda3/share/proj/proj.db contains DATABASE.LAYOUT.VERSION.MINOR = 2 whereas a number >= 3 is expected. It comes from another PROJ installation.
2026-03-19 23:06:15,082 [WARNING] CPLE_AppDefined in PROJ: internal_proj_create_from_database: /home/agbelgaid/anaconda3/share/proj/proj.db contains DATABASE.LAYOUT.VERSION.MINOR = 2 whereas a number >= 3 is expected. It comes from another PROJ installation.
2026-03-19 23:06:15,595 [WARNING] CPLE_AppDefined in PROJ: internal_proj_create_from_database: /home/agbelgaid/anaconda3/share/proj/proj.db contains DATABASE.LAYOUT.VERSION.MINOR = 2 whereas a number >= 3 is expected. It comes from another PROJ installation.
2026-03-19 23:06:16,210 [WARNING] CPLE_AppDefined in PROJ: internal_proj_create_from_database: /home/agbelgaid/anaconda3/share/proj/proj.db contains DATABASE.LAYOUT.VERSION.MINOR = 2 whereas a number >= 3 is expected. It comes from another PROJ installation.
2026-03-19 23:06:16,685 [WARNING] CPLE_AppDefined in PROJ: internal_proj_create_from_database: /home/agbelgaid/anaconda3/share/proj/proj.db contains DATABASE.LAYOUT.VERSION.MINOR = 2 whereas a number >= 3 is expected. It comes from another PROJ installation.
2026-03-19 23:06:17,140 [WARNING] CPLE_AppDefined in PROJ: internal_proj_create_from_database: /home/agbelgaid/anaconda3/share/proj/proj.db contains DATABASE.LAYOUT.VERSION.MINOR = 2 whereas a number >= 3 is expected. It comes from another PROJ installation.
2026-03-19 23:06:17,585 [WARNING] CPLE_AppDefined in PROJ: internal_proj_create_from_database: /home/agbelgaid/anaconda3/share/proj/proj.db contains DATABASE.LAYOUT.VERSION.MINOR = 2 whereas a number >= 3 is expected. It comes from another PROJ installation.
2026-03-19 23:06:18,038 [WARNING] CPLE_AppDefined in PROJ: internal_proj_create_from_database: /home/agbelgaid/anaconda3/share/proj/proj.db contains DATABASE.LAYOUT.VERSION.MINOR = 2 whereas a number >= 3 is expected. It comes from another PROJ installation.
2026-03-19 23:06:18,363 [INFO]   FRA: 2962 stations | best coverage 96% | BD:2851, CEC:2845, CF:2845, clay:2845, N:2845, occ:2845, pH:2845, sand:2845, silt:2845, occ_carbon:2851, WR_volumetric:2845, WR_volumetric2:2845, WR_gravimetric:2845
2026-03-19 23:06:18,473 [WARNING] CPLE_AppDefined in PROJ: internal_proj_create_from_database: /home/agbelgaid/anaconda3/share/proj/proj.db contains DATABASE.LAYOUT.VERSION.MINOR = 2 whereas a number >= 3 is expected. It comes from another PROJ installation.
2026-03-19 23:06:18,546 [WARNING] CPLE_AppDefined in PROJ: internal_proj_create_from_database: /home/agbelgaid/anaconda3/share/proj/proj.db contains DATABASE.LAYOUT.VERSION.MINOR = 2 whereas a number >= 3 is expected. It comes from another PROJ installation.
2026-03-19 23:06:18,607 [WARNING] CPLE_AppDefined in PROJ: internal_proj_create_from_database: /home/agbelgaid/anaconda3/share/proj/proj.db contains DATABASE.LAYOUT.VERSION.MINOR = 2 whereas a number >= 3 is expected. It comes from another PROJ installation.
2026-03-19 23:06:18,667 [WARNING] CPLE_AppDefined in PROJ: internal_proj_create_from_database: /home/agbelgaid/anaconda3/share/proj/proj.db contains DATABASE.LAYOUT.VERSION.MINOR = 2 whereas a number >= 3 is expected. It comes from another PROJ installation.
2026-03-19 23:06:18,735 [WARNING] CPLE_AppDefined in PROJ: internal_proj_create_from_database: /home/agbelgaid/anaconda3/share/proj/proj.db contains DATABASE.LAYOUT.VERSION.MINOR = 2 whereas a number >= 3 is expected. It comes from another PROJ installation.
2026-03-19 23:06:18,803 [WARNING] CPLE_AppDefined in PROJ: internal_proj_create_from_database: /home/agbelgaid/anaconda3/share/proj/proj.db contains DATABASE.LAYOUT.VERSION.MINOR = 2 whereas a number >= 3 is expected. It comes from another PROJ installation.
2026-03-19 23:06:18,852 [WARNING] CPLE_AppDefined in PROJ: internal_proj_create_from_database: /home/agbelgaid/anaconda3/share/proj/proj.db contains DATABASE.LAYOUT.VERSION.MINOR = 2 whereas a number >= 3 is expected. It comes from another PROJ installation.
2026-03-19 23:06:18,956 [WARNING] CPLE_AppDefined in PROJ: internal_proj_create_from_database: /home/agbelgaid/anaconda3/share/proj/proj.db contains DATABASE.LAYOUT.VERSION.MINOR = 2 whereas a number >= 3 is expected. It comes from another PROJ installation.
2026-03-19 23:06:19,020 [WARNING] CPLE_AppDefined in PROJ: internal_proj_create_from_database: /home/agbelgaid/anaconda3/share/proj/proj.db contains DATABASE.LAYOUT.VERSION.MINOR = 2 whereas a number >= 3 is expected. It comes from another PROJ installation.
2026-03-19 23:06:19,081 [WARNING] CPLE_AppDefined in PROJ: internal_proj_create_from_database: /home/agbelgaid/anaconda3/share/proj/proj.db contains DATABASE.LAYOUT.VERSION.MINOR = 2 whereas a number >= 3 is expected. It comes from another PROJ installation.
2026-03-19 23:06:19,139 [WARNING] CPLE_AppDefined in PROJ: internal_proj_create_from_database: /home/agbelgaid/anaconda3/share/proj/proj.db contains DATABASE.LAYOUT.VERSION.MINOR = 2 whereas a number >= 3 is expected. It comes from another PROJ installation.
2026-03-19 23:06:19,198 [WARNING] CPLE_AppDefined in PROJ: internal_proj_create_from_database: /home/agbelgaid/anaconda3/share/proj/proj.db contains DATABASE.LAYOUT.VERSION.MINOR = 2 whereas a number >= 3 is expected. It comes from another PROJ installation.
2026-03-19 23:06:19,253 [WARNING] CPLE_AppDefined in PROJ: internal_proj_create_from_database: /home/agbelgaid/anaconda3/share/proj/proj.db contains DATABASE.LAYOUT.VERSION.MINOR = 2 whereas a number >= 3 is expected. It comes from another PROJ installation.
2026-03-19 23:06:19,263 [INFO]   GEO: 18 stations | best coverage 94% | BD:17, CEC:17, CF:17, clay:17, N:17, occ:17, pH:17, sand:17, silt:17, occ_carbon:17, WR_volumetric:17, WR_volumetric2:17, WR_gravimetric:17
2026-03-19 23:06:19,356 [WARNING] CPLE_AppDefined in PROJ: internal_proj_create_from_database: /home/agbelgaid/anaconda3/share/proj/proj.db contains DATABASE.LAYOUT.VERSION.MINOR = 2 whereas a number >= 3 is expected. It comes from another PROJ installation.
2026-03-19 23:06:19,441 [WARNING] CPLE_AppDefined in PROJ: internal_proj_create_from_database: /home/agbelgaid/anaconda3/share/proj/proj.db contains DATABASE.LAYOUT.VERSION.MINOR = 2 whereas a number >= 3 is expected. It comes from another PROJ installation.
2026-03-19 23:06:19,562 [WARNING] CPLE_AppDefined in PROJ: internal_proj_create_from_database: /home/agbelgaid/anaconda3/share/proj/proj.db contains DATABASE.LAYOUT.VERSION.MINOR = 2 whereas a number >= 3 is expected. It comes from another PROJ installation.
2026-03-19 23:06:19,641 [WARNING] CPLE_AppDefined in PROJ: internal_proj_create_from_database: /home/agbelgaid/anaconda3/share/proj/proj.db contains DATABASE.LAYOUT.VERSION.MINOR = 2 whereas a number >= 3 is expected. It comes from another PROJ installation.
2026-03-19 23:06:19,727 [WARNING] CPLE_AppDefined in PROJ: internal_proj_create_from_database: /home/agbelgaid/anaconda3/share/proj/proj.db contains DATABASE.LAYOUT.VERSION.MINOR = 2 whereas a number >= 3 is expected. It comes from another PROJ installation.
2026-03-19 23:06:19,812 [WARNING] CPLE_AppDefined in PROJ: internal_proj_create_from_database: /home/agbelgaid/anaconda3/share/proj/proj.db contains DATABASE.LAYOUT.VERSION.MINOR = 2 whereas a number >= 3 is expected. It comes from another PROJ installation.
2026-03-19 23:06:19,881 [WARNING] CPLE_AppDefined in PROJ: internal_proj_create_from_database: /home/agbelgaid/anaconda3/share/proj/proj.db contains DATABASE.LAYOUT.VERSION.MINOR = 2 whereas a number >= 3 is expected. It comes from another PROJ installation.
2026-03-19 23:06:19,965 [WARNING] CPLE_AppDefined in PROJ: internal_proj_create_from_database: /home/agbelgaid/anaconda3/share/proj/proj.db contains DATABASE.LAYOUT.VERSION.MINOR = 2 whereas a number >= 3 is expected. It comes from another PROJ installation.
2026-03-19 23:06:20,051 [WARNING] CPLE_AppDefined in PROJ: internal_proj_create_from_database: /home/agbelgaid/anaconda3/share/proj/proj.db contains DATABASE.LAYOUT.VERSION.MINOR = 2 whereas a number >= 3 is expected. It comes from another PROJ installation.
2026-03-19 23:06:20,135 [WARNING] CPLE_AppDefined in PROJ: internal_proj_create_from_database: /home/agbelgaid/anaconda3/share/proj/proj.db contains DATABASE.LAYOUT.VERSION.MINOR = 2 whereas a number >= 3 is expected. It comes from another PROJ installation.
2026-03-19 23:06:20,207 [WARNING] CPLE_AppDefined in PROJ: internal_proj_create_from_database: /home/agbelgaid/anaconda3/share/proj/proj.db contains DATABASE.LAYOUT.VERSION.MINOR = 2 whereas a number >= 3 is expected. It comes from another PROJ installation.
2026-03-19 23:06:20,288 [WARNING] CPLE_AppDefined in PROJ: internal_proj_create_from_database: /home/agbelgaid/anaconda3/share/proj/proj.db contains DATABASE.LAYOUT.VERSION.MINOR = 2 whereas a number >= 3 is expected. It comes from another PROJ installation.
2026-03-19 23:06:20,358 [WARNING] CPLE_AppDefined in PROJ: internal_proj_create_from_database: /home/agbelgaid/anaconda3/share/proj/proj.db contains DATABASE.LAYOUT.VERSION.MINOR = 2 whereas a number >= 3 is expected. It comes from another PROJ installation.
2026-03-19 23:06:20,386 [INFO]   GRC: 305 stations | best coverage 97% | BD:288, CEC:295, CF:295, clay:295, N:295, occ:295, pH:295, sand:295, silt:295, occ_carbon:288, WR_volumetric:295, WR_volumetric2:295, WR_gravimetric:295
2026-03-19 23:06:20,467 [WARNING] CPLE_AppDefined in PROJ: internal_proj_create_from_database: /home/agbelgaid/anaconda3/share/proj/proj.db contains DATABASE.LAYOUT.VERSION.MINOR = 2 whereas a number >= 3 is expected. It comes from another PROJ installation.
2026-03-19 23:06:20,526 [WARNING] CPLE_AppDefined in PROJ: internal_proj_create_from_database: /home/agbelgaid/anaconda3/share/proj/proj.db contains DATABASE.LAYOUT.VERSION.MINOR = 2 whereas a number >= 3 is expected. It comes from another PROJ installation.
2026-03-19 23:06:20,586 [WARNING] CPLE_AppDefined in PROJ: internal_proj_create_from_database: /home/agbelgaid/anaconda3/share/proj/proj.db contains DATABASE.LAYOUT.VERSION.MINOR = 2 whereas a number >= 3 is expected. It comes from another PROJ installation.
2026-03-19 23:06:20,649 [WARNING] CPLE_AppDefined in PROJ: internal_proj_create_from_database: /home/agbelgaid/anaconda3/share/proj/proj.db contains DATABASE.LAYOUT.VERSION.MINOR = 2 whereas a number >= 3 is expected. It comes from another PROJ installation.
2026-03-19 23:06:20,720 [WARNING] CPLE_AppDefined in PROJ: internal_proj_create_from_database: /home/agbelgaid/anaconda3/share/proj/proj.db contains DATABASE.LAYOUT.VERSION.MINOR = 2 whereas a number >= 3 is expected. It comes from another PROJ installation.
2026-03-19 23:06:20,782 [WARNING] CPLE_AppDefined in PROJ: internal_proj_create_from_database: /home/agbelgaid/anaconda3/share/proj/proj.db contains DATABASE.LAYOUT.VERSION.MINOR = 2 whereas a number >= 3 is expected. It comes from another PROJ installation.
2026-03-19 23:06:20,833 [WARNING] CPLE_AppDefined in PROJ: internal_proj_create_from_database: /home/agbelgaid/anaconda3/share/proj/proj.db contains DATABASE.LAYOUT.VERSION.MINOR = 2 whereas a number >= 3 is expected. It comes from another PROJ installation.
2026-03-19 23:06:20,920 [WARNING] CPLE_AppDefined in PROJ: internal_proj_create_from_database: /home/agbelgaid/anaconda3/share/proj/proj.db contains DATABASE.LAYOUT.VERSION.MINOR = 2 whereas a number >= 3 is expected. It comes from another PROJ installation.
2026-03-19 23:06:20,990 [WARNING] CPLE_AppDefined in PROJ: internal_proj_create_from_database: /home/agbelgaid/anaconda3/share/proj/proj.db contains DATABASE.LAYOUT.VERSION.MINOR = 2 whereas a number >= 3 is expected. It comes from another PROJ installation.
2026-03-19 23:06:21,060 [WARNING] CPLE_AppDefined in PROJ: internal_proj_create_from_database: /home/agbelgaid/anaconda3/share/proj/proj.db contains DATABASE.LAYOUT.VERSION.MINOR = 2 whereas a number >= 3 is expected. It comes from another PROJ installation.
2026-03-19 23:06:21,128 [WARNING] CPLE_AppDefined in PROJ: internal_proj_create_from_database: /home/agbelgaid/anaconda3/share/proj/proj.db contains DATABASE.LAYOUT.VERSION.MINOR = 2 whereas a number >= 3 is expected. It comes from another PROJ installation.
2026-03-19 23:06:21,188 [WARNING] CPLE_AppDefined in PROJ: internal_proj_create_from_database: /home/agbelgaid/anaconda3/share/proj/proj.db contains DATABASE.LAYOUT.VERSION.MINOR = 2 whereas a number >= 3 is expected. It comes from another PROJ installation.
2026-03-19 23:06:21,249 [WARNING] CPLE_AppDefined in PROJ: internal_proj_create_from_database: /home/agbelgaid/anaconda3/share/proj/proj.db contains DATABASE.LAYOUT.VERSION.MINOR = 2 whereas a number >= 3 is expected. It comes from another PROJ installation.
2026-03-19 23:06:21,265 [INFO]   HRV: 79 stations | best coverage 99% | BD:77, CEC:78, CF:78, clay:78, N:78, occ:78, pH:78, sand:78, silt:78, occ_carbon:77, WR_volumetric:78, WR_volumetric2:78, WR_gravimetric:78
2026-03-19 23:06:21,402 [WARNING] CPLE_AppDefined in PROJ: internal_proj_create_from_database: /home/agbelgaid/anaconda3/share/proj/proj.db contains DATABASE.LAYOUT.VERSION.MINOR = 2 whereas a number >= 3 is expected. It comes from another PROJ installation.
2026-03-19 23:06:21,537 [WARNING] CPLE_AppDefined in PROJ: internal_proj_create_from_database: /home/agbelgaid/anaconda3/share/proj/proj.db contains DATABASE.LAYOUT.VERSION.MINOR = 2 whereas a number >= 3 is expected. It comes from another PROJ installation.
2026-03-19 23:06:21,730 [WARNING] CPLE_AppDefined in PROJ: internal_proj_create_from_database: /home/agbelgaid/anaconda3/share/proj/proj.db contains DATABASE.LAYOUT.VERSION.MINOR = 2 whereas a number >= 3 is expected. It comes from another PROJ installation.
2026-03-19 23:06:21,882 [WARNING] CPLE_AppDefined in PROJ: internal_proj_create_from_database: /home/agbelgaid/anaconda3/share/proj/proj.db contains DATABASE.LAYOUT.VERSION.MINOR = 2 whereas a number >= 3 is expected. It comes from another PROJ installation.
2026-03-19 23:06:22,016 [WARNING] CPLE_AppDefined in PROJ: internal_proj_create_from_database: /home/agbelgaid/anaconda3/share/proj/proj.db contains DATABASE.LAYOUT.VERSION.MINOR = 2 whereas a number >= 3 is expected. It comes from another PROJ installation.
2026-03-19 23:06:22,148 [WARNING] CPLE_AppDefined in PROJ: internal_proj_create_from_database: /home/agbelgaid/anaconda3/share/proj/proj.db contains DATABASE.LAYOUT.VERSION.MINOR = 2 whereas a number >= 3 is expected. It comes from another PROJ installation.
2026-03-19 23:06:22,218 [WARNING] CPLE_AppDefined in PROJ: internal_proj_create_from_database: /home/agbelgaid/anaconda3/share/proj/proj.db contains DATABASE.LAYOUT.VERSION.MINOR = 2 whereas a number >= 3 is expected. It comes from another PROJ installation.
2026-03-19 23:06:22,363 [WARNING] CPLE_AppDefined in PROJ: internal_proj_create_from_database: /home/agbelgaid/anaconda3/share/proj/proj.db contains DATABASE.LAYOUT.VERSION.MINOR = 2 whereas a number >= 3 is expected. It comes from another PROJ installation.
2026-03-19 23:06:22,511 [WARNING] CPLE_AppDefined in PROJ: internal_proj_create_from_database: /home/agbelgaid/anaconda3/share/proj/proj.db contains DATABASE.LAYOUT.VERSION.MINOR = 2 whereas a number >= 3 is expected. It comes from another PROJ installation.
2026-03-19 23:06:22,656 [WARNING] CPLE_AppDefined in PROJ: internal_proj_create_from_database: /home/agbelgaid/anaconda3/share/proj/proj.db contains DATABASE.LAYOUT.VERSION.MINOR = 2 whereas a number >= 3 is expected. It comes from another PROJ installation.
2026-03-19 23:06:22,815 [WARNING] CPLE_AppDefined in PROJ: internal_proj_create_from_database: /home/agbelgaid/anaconda3/share/proj/proj.db contains DATABASE.LAYOUT.VERSION.MINOR = 2 whereas a number >= 3 is expected. It comes from another PROJ installation.
2026-03-19 23:06:22,956 [WARNING] CPLE_AppDefined in PROJ: internal_proj_create_from_database: /home/agbelgaid/anaconda3/share/proj/proj.db contains DATABASE.LAYOUT.VERSION.MINOR = 2 whereas a number >= 3 is expected. It comes from another PROJ installation.
2026-03-19 23:06:23,148 [WARNING] CPLE_AppDefined in PROJ: internal_proj_create_from_database: /home/agbelgaid/anaconda3/share/proj/proj.db contains DATABASE.LAYOUT.VERSION.MINOR = 2 whereas a number >= 3 is expected. It comes from another PROJ installation.
2026-03-19 23:06:23,169 [INFO]   MAR: 114 stations | best coverage 94% | BD:107, CEC:107, CF:107, clay:107, N:107, occ:107, pH:107, sand:107, silt:107, occ_carbon:107, WR_volumetric:107, WR_volumetric2:107, WR_gravimetric:107
2026-03-19 23:06:23,397 [WARNING] CPLE_AppDefined in PROJ: internal_proj_create_from_database: /home/agbelgaid/anaconda3/share/proj/proj.db contains DATABASE.LAYOUT.VERSION.MINOR = 2 whereas a number >= 3 is expected. It comes from another PROJ installation.
2026-03-19 23:06:23,510 [WARNING] CPLE_AppDefined in PROJ: internal_proj_create_from_database: /home/agbelgaid/anaconda3/share/proj/proj.db contains DATABASE.LAYOUT.VERSION.MINOR = 2 whereas a number >= 3 is expected. It comes from another PROJ installation.
2026-03-19 23:06:23,615 [WARNING] CPLE_AppDefined in PROJ: internal_proj_create_from_database: /home/agbelgaid/anaconda3/share/proj/proj.db contains DATABASE.LAYOUT.VERSION.MINOR = 2 whereas a number >= 3 is expected. It comes from another PROJ installation.
2026-03-19 23:06:23,691 [WARNING] CPLE_AppDefined in PROJ: internal_proj_create_from_database: /home/agbelgaid/anaconda3/share/proj/proj.db contains DATABASE.LAYOUT.VERSION.MINOR = 2 whereas a number >= 3 is expected. It comes from another PROJ installation.
2026-03-19 23:06:23,791 [WARNING] CPLE_AppDefined in PROJ: internal_proj_create_from_database: /home/agbelgaid/anaconda3/share/proj/proj.db contains DATABASE.LAYOUT.VERSION.MINOR = 2 whereas a number >= 3 is expected. It comes from another PROJ installation.
2026-03-19 23:06:23,858 [WARNING] CPLE_AppDefined in PROJ: internal_proj_create_from_database: /home/agbelgaid/anaconda3/share/proj/proj.db contains DATABASE.LAYOUT.VERSION.MINOR = 2 whereas a number >= 3 is expected. It comes from another PROJ installation.
2026-03-19 23:06:23,975 [WARNING] CPLE_AppDefined in PROJ: internal_proj_create_from_database: /home/agbelgaid/anaconda3/share/proj/proj.db contains DATABASE.LAYOUT.VERSION.MINOR = 2 whereas a number >= 3 is expected. It comes from another PROJ installation.
2026-03-19 23:06:24,102 [WARNING] CPLE_AppDefined in PROJ: internal_proj_create_from_database: /home/agbelgaid/anaconda3/share/proj/proj.db contains DATABASE.LAYOUT.VERSION.MINOR = 2 whereas a number >= 3 is expected. It comes from another PROJ installation.
2026-03-19 23:06:24,203 [WARNING] CPLE_AppDefined in PROJ: internal_proj_create_from_database: /home/agbelgaid/anaconda3/share/proj/proj.db contains DATABASE.LAYOUT.VERSION.MINOR = 2 whereas a number >= 3 is expected. It comes from another PROJ installation.
2026-03-19 23:06:24,306 [WARNING] CPLE_AppDefined in PROJ: internal_proj_create_from_database: /home/agbelgaid/anaconda3/share/proj/proj.db contains DATABASE.LAYOUT.VERSION.MINOR = 2 whereas a number >= 3 is expected. It comes from another PROJ installation.
2026-03-19 23:06:24,445 [WARNING] CPLE_AppDefined in PROJ: internal_proj_create_from_database: /home/agbelgaid/anaconda3/share/proj/proj.db contains DATABASE.LAYOUT.VERSION.MINOR = 2 whereas a number >= 3 is expected. It comes from another PROJ installation.
2026-03-19 23:06:24,524 [WARNING] CPLE_AppDefined in PROJ: internal_proj_create_from_database: /home/agbelgaid/anaconda3/share/proj/proj.db contains DATABASE.LAYOUT.VERSION.MINOR = 2 whereas a number >= 3 is expected. It comes from another PROJ installation.
2026-03-19 23:06:24,597 [WARNING] CPLE_AppDefined in PROJ: internal_proj_create_from_database: /home/agbelgaid/anaconda3/share/proj/proj.db contains DATABASE.LAYOUT.VERSION.MINOR = 2 whereas a number >= 3 is expected. It comes from another PROJ installation.
2026-03-19 23:06:24,608 [INFO]   MDA: 35 stations | best coverage 94% | BD:33, CEC:32, CF:32, clay:32, N:32, occ:32, pH:32, sand:32, silt:32, occ_carbon:33, WR_volumetric:32, WR_volumetric2:32, WR_gravimetric:32
2026-03-19 23:06:24,826 [WARNING] CPLE_AppDefined in PROJ: internal_proj_create_from_database: /home/agbelgaid/anaconda3/share/proj/proj.db contains DATABASE.LAYOUT.VERSION.MINOR = 2 whereas a number >= 3 is expected. It comes from another PROJ installation.
2026-03-19 23:06:24,914 [WARNING] CPLE_AppDefined in PROJ: internal_proj_create_from_database: /home/agbelgaid/anaconda3/share/proj/proj.db contains DATABASE.LAYOUT.VERSION.MINOR = 2 whereas a number >= 3 is expected. It comes from another PROJ installation.
2026-03-19 23:06:24,976 [WARNING] CPLE_AppDefined in PROJ: internal_proj_create_from_database: /home/agbelgaid/anaconda3/share/proj/proj.db contains DATABASE.LAYOUT.VERSION.MINOR = 2 whereas a number >= 3 is expected. It comes from another PROJ installation.
2026-03-19 23:06:25,043 [WARNING] CPLE_AppDefined in PROJ: internal_proj_create_from_database: /home/agbelgaid/anaconda3/share/proj/proj.db contains DATABASE.LAYOUT.VERSION.MINOR = 2 whereas a number >= 3 is expected. It comes from another PROJ installation.
2026-03-19 23:06:25,125 [WARNING] CPLE_AppDefined in PROJ: internal_proj_create_from_database: /home/agbelgaid/anaconda3/share/proj/proj.db contains DATABASE.LAYOUT.VERSION.MINOR = 2 whereas a number >= 3 is expected. It comes from another PROJ installation.
2026-03-19 23:06:25,181 [WARNING] CPLE_AppDefined in PROJ: internal_proj_create_from_database: /home/agbelgaid/anaconda3/share/proj/proj.db contains DATABASE.LAYOUT.VERSION.MINOR = 2 whereas a number >= 3 is expected. It comes from another PROJ installation.
2026-03-19 23:06:25,209 [WARNING] CPLE_AppDefined in PROJ: internal_proj_create_from_database: /home/agbelgaid/anaconda3/share/proj/proj.db contains DATABASE.LAYOUT.VERSION.MINOR = 2 whereas a number >= 3 is expected. It comes from another PROJ installation.
2026-03-19 23:06:25,253 [WARNING] CPLE_AppDefined in PROJ: internal_proj_create_from_database: /home/agbelgaid/anaconda3/share/proj/proj.db contains DATABASE.LAYOUT.VERSION.MINOR = 2 whereas a number >= 3 is expected. It comes from another PROJ installation.
2026-03-19 23:06:25,282 [WARNING] CPLE_AppDefined in PROJ: internal_proj_create_from_database: /home/agbelgaid/anaconda3/share/proj/proj.db contains DATABASE.LAYOUT.VERSION.MINOR = 2 whereas a number >= 3 is expected. It comes from another PROJ installation.
2026-03-19 23:06:25,313 [WARNING] CPLE_AppDefined in PROJ: internal_proj_create_from_database: /home/agbelgaid/anaconda3/share/proj/proj.db contains DATABASE.LAYOUT.VERSION.MINOR = 2 whereas a number >= 3 is expected. It comes from another PROJ installation.
2026-03-19 23:06:25,342 [WARNING] CPLE_AppDefined in PROJ: internal_proj_create_from_database: /home/agbelgaid/anaconda3/share/proj/proj.db contains DATABASE.LAYOUT.VERSION.MINOR = 2 whereas a number >= 3 is expected. It comes from another PROJ installation.
2026-03-19 23:06:25,376 [WARNING] CPLE_AppDefined in PROJ: internal_proj_create_from_database: /home/agbelgaid/anaconda3/share/proj/proj.db contains DATABASE.LAYOUT.VERSION.MINOR = 2 whereas a number >= 3 is expected. It comes from another PROJ installation.
2026-03-19 23:06:25,403 [WARNING] CPLE_AppDefined in PROJ: internal_proj_create_from_database: /home/agbelgaid/anaconda3/share/proj/proj.db contains DATABASE.LAYOUT.VERSION.MINOR = 2 whereas a number >= 3 is expected. It comes from another PROJ installation.
2026-03-19 23:06:25,414 [INFO]   MNE: 24 stations | best coverage 100% | BD:24, CEC:24, CF:24, clay:24, N:24, occ:24, pH:24, sand:24, silt:24, occ_carbon:24, WR_volumetric:24, WR_volumetric2:24, WR_gravimetric:24
2026-03-19 23:06:25,489 [WARNING] CPLE_AppDefined in PROJ: internal_proj_create_from_database: /home/agbelgaid/anaconda3/share/proj/proj.db contains DATABASE.LAYOUT.VERSION.MINOR = 2 whereas a number >= 3 is expected. It comes from another PROJ installation.
2026-03-19 23:06:25,665 [WARNING] CPLE_AppDefined in PROJ: internal_proj_create_from_database: /home/agbelgaid/anaconda3/share/proj/proj.db contains DATABASE.LAYOUT.VERSION.MINOR = 2 whereas a number >= 3 is expected. It comes from another PROJ installation.
2026-03-19 23:06:25,830 [WARNING] CPLE_AppDefined in PROJ: internal_proj_create_from_database: /home/agbelgaid/anaconda3/share/proj/proj.db contains DATABASE.LAYOUT.VERSION.MINOR = 2 whereas a number >= 3 is expected. It comes from another PROJ installation.
2026-03-19 23:06:25,993 [WARNING] CPLE_AppDefined in PROJ: internal_proj_create_from_database: /home/agbelgaid/anaconda3/share/proj/proj.db contains DATABASE.LAYOUT.VERSION.MINOR = 2 whereas a number >= 3 is expected. It comes from another PROJ installation.
2026-03-19 23:06:26,206 [WARNING] CPLE_AppDefined in PROJ: internal_proj_create_from_database: /home/agbelgaid/anaconda3/share/proj/proj.db contains DATABASE.LAYOUT.VERSION.MINOR = 2 whereas a number >= 3 is expected. It comes from another PROJ installation.
2026-03-19 23:06:26,479 [WARNING] CPLE_AppDefined in PROJ: internal_proj_create_from_database: /home/agbelgaid/anaconda3/share/proj/proj.db contains DATABASE.LAYOUT.VERSION.MINOR = 2 whereas a number >= 3 is expected. It comes from another PROJ installation.
2026-03-19 23:06:26,776 [WARNING] CPLE_AppDefined in PROJ: internal_proj_create_from_database: /home/agbelgaid/anaconda3/share/proj/proj.db contains DATABASE.LAYOUT.VERSION.MINOR = 2 whereas a number >= 3 is expected. It comes from another PROJ installation.
2026-03-19 23:06:26,955 [WARNING] CPLE_AppDefined in PROJ: internal_proj_create_from_database: /home/agbelgaid/anaconda3/share/proj/proj.db contains DATABASE.LAYOUT.VERSION.MINOR = 2 whereas a number >= 3 is expected. It comes from another PROJ installation.
2026-03-19 23:06:27,129 [WARNING] CPLE_AppDefined in PROJ: internal_proj_create_from_database: /home/agbelgaid/anaconda3/share/proj/proj.db contains DATABASE.LAYOUT.VERSION.MINOR = 2 whereas a number >= 3 is expected. It comes from another PROJ installation.
2026-03-19 23:06:27,470 [WARNING] CPLE_AppDefined in PROJ: internal_proj_create_from_database: /home/agbelgaid/anaconda3/share/proj/proj.db contains DATABASE.LAYOUT.VERSION.MINOR = 2 whereas a number >= 3 is expected. It comes from another PROJ installation.
2026-03-19 23:06:27,862 [WARNING] CPLE_AppDefined in PROJ: internal_proj_create_from_database: /home/agbelgaid/anaconda3/share/proj/proj.db contains DATABASE.LAYOUT.VERSION.MINOR = 2 whereas a number >= 3 is expected. It comes from another PROJ installation.
2026-03-19 23:06:28,238 [WARNING] CPLE_AppDefined in PROJ: internal_proj_create_from_database: /home/agbelgaid/anaconda3/share/proj/proj.db contains DATABASE.LAYOUT.VERSION.MINOR = 2 whereas a number >= 3 is expected. It comes from another PROJ installation.
2026-03-19 23:06:28,544 [WARNING] CPLE_AppDefined in PROJ: internal_proj_create_from_database: /home/agbelgaid/anaconda3/share/proj/proj.db contains DATABASE.LAYOUT.VERSION.MINOR = 2 whereas a number >= 3 is expected. It comes from another PROJ installation.
2026-03-19 23:06:28,660 [INFO]   NLD: 1287 stations | best coverage 95% | BD:1217, CEC:1217, CF:1217, clay:1217, N:1217, occ:1217, pH:1217, sand:1217, silt:1217, occ_carbon:1217, WR_volumetric:1217, WR_volumetric2:1217, WR_gravimetric:1217
2026-03-19 23:06:29,026 [WARNING] CPLE_AppDefined in PROJ: internal_proj_create_from_database: /home/agbelgaid/anaconda3/share/proj/proj.db contains DATABASE.LAYOUT.VERSION.MINOR = 2 whereas a number >= 3 is expected. It comes from another PROJ installation.
2026-03-19 23:06:29,162 [WARNING] CPLE_AppDefined in PROJ: internal_proj_create_from_database: /home/agbelgaid/anaconda3/share/proj/proj.db contains DATABASE.LAYOUT.VERSION.MINOR = 2 whereas a number >= 3 is expected. It comes from another PROJ installation.
2026-03-19 23:06:29,292 [WARNING] CPLE_AppDefined in PROJ: internal_proj_create_from_database: /home/agbelgaid/anaconda3/share/proj/proj.db contains DATABASE.LAYOUT.VERSION.MINOR = 2 whereas a number >= 3 is expected. It comes from another PROJ installation.
2026-03-19 23:06:29,430 [WARNING] CPLE_AppDefined in PROJ: internal_proj_create_from_database: /home/agbelgaid/anaconda3/share/proj/proj.db contains DATABASE.LAYOUT.VERSION.MINOR = 2 whereas a number >= 3 is expected. It comes from another PROJ installation.
2026-03-19 23:06:29,597 [WARNING] CPLE_AppDefined in PROJ: internal_proj_create_from_database: /home/agbelgaid/anaconda3/share/proj/proj.db contains DATABASE.LAYOUT.VERSION.MINOR = 2 whereas a number >= 3 is expected. It comes from another PROJ installation.
2026-03-19 23:06:29,735 [WARNING] CPLE_AppDefined in PROJ: internal_proj_create_from_database: /home/agbelgaid/anaconda3/share/proj/proj.db contains DATABASE.LAYOUT.VERSION.MINOR = 2 whereas a number >= 3 is expected. It comes from another PROJ installation.
2026-03-19 23:06:29,890 [WARNING] CPLE_AppDefined in PROJ: internal_proj_create_from_database: /home/agbelgaid/anaconda3/share/proj/proj.db contains DATABASE.LAYOUT.VERSION.MINOR = 2 whereas a number >= 3 is expected. It comes from another PROJ installation.
2026-03-19 23:06:30,163 [WARNING] CPLE_AppDefined in PROJ: internal_proj_create_from_database: /home/agbelgaid/anaconda3/share/proj/proj.db contains DATABASE.LAYOUT.VERSION.MINOR = 2 whereas a number >= 3 is expected. It comes from another PROJ installation.
2026-03-19 23:06:30,349 [WARNING] CPLE_AppDefined in PROJ: internal_proj_create_from_database: /home/agbelgaid/anaconda3/share/proj/proj.db contains DATABASE.LAYOUT.VERSION.MINOR = 2 whereas a number >= 3 is expected. It comes from another PROJ installation.
2026-03-19 23:06:30,528 [WARNING] CPLE_AppDefined in PROJ: internal_proj_create_from_database: /home/agbelgaid/anaconda3/share/proj/proj.db contains DATABASE.LAYOUT.VERSION.MINOR = 2 whereas a number >= 3 is expected. It comes from another PROJ installation.
2026-03-19 23:06:30,655 [WARNING] CPLE_AppDefined in PROJ: internal_proj_create_from_database: /home/agbelgaid/anaconda3/share/proj/proj.db contains DATABASE.LAYOUT.VERSION.MINOR = 2 whereas a number >= 3 is expected. It comes from another PROJ installation.
2026-03-19 23:06:30,789 [WARNING] CPLE_AppDefined in PROJ: internal_proj_create_from_database: /home/agbelgaid/anaconda3/share/proj/proj.db contains DATABASE.LAYOUT.VERSION.MINOR = 2 whereas a number >= 3 is expected. It comes from another PROJ installation.
2026-03-19 23:06:30,915 [WARNING] CPLE_AppDefined in PROJ: internal_proj_create_from_database: /home/agbelgaid/anaconda3/share/proj/proj.db contains DATABASE.LAYOUT.VERSION.MINOR = 2 whereas a number >= 3 is expected. It comes from another PROJ installation.
2026-03-19 23:06:30,925 [INFO]   PNG: 16 stations | best coverage 100% | BD:16, CEC:16, CF:16, clay:16, N:16, occ:16, pH:16, sand:16, silt:16, occ_carbon:16, WR_volumetric:16, WR_volumetric2:16, WR_gravimetric:16
2026-03-19 23:06:31,131 [WARNING] CPLE_AppDefined in PROJ: internal_proj_create_from_database: /home/agbelgaid/anaconda3/share/proj/proj.db contains DATABASE.LAYOUT.VERSION.MINOR = 2 whereas a number >= 3 is expected. It comes from another PROJ installation.
2026-03-19 23:06:31,322 [WARNING] CPLE_AppDefined in PROJ: internal_proj_create_from_database: /home/agbelgaid/anaconda3/share/proj/proj.db contains DATABASE.LAYOUT.VERSION.MINOR = 2 whereas a number >= 3 is expected. It comes from another PROJ installation.
2026-03-19 23:06:31,565 [WARNING] CPLE_AppDefined in PROJ: internal_proj_create_from_database: /home/agbelgaid/anaconda3/share/proj/proj.db contains DATABASE.LAYOUT.VERSION.MINOR = 2 whereas a number >= 3 is expected. It comes from another PROJ installation.
2026-03-19 23:06:31,760 [WARNING] CPLE_AppDefined in PROJ: internal_proj_create_from_database: /home/agbelgaid/anaconda3/share/proj/proj.db contains DATABASE.LAYOUT.VERSION.MINOR = 2 whereas a number >= 3 is expected. It comes from another PROJ installation.
2026-03-19 23:06:31,967 [WARNING] CPLE_AppDefined in PROJ: internal_proj_create_from_database: /home/agbelgaid/anaconda3/share/proj/proj.db contains DATABASE.LAYOUT.VERSION.MINOR = 2 whereas a number >= 3 is expected. It comes from another PROJ installation.
2026-03-19 23:06:32,173 [WARNING] CPLE_AppDefined in PROJ: internal_proj_create_from_database: /home/agbelgaid/anaconda3/share/proj/proj.db contains DATABASE.LAYOUT.VERSION.MINOR = 2 whereas a number >= 3 is expected. It comes from another PROJ installation.
2026-03-19 23:06:32,271 [WARNING] CPLE_AppDefined in PROJ: internal_proj_create_from_database: /home/agbelgaid/anaconda3/share/proj/proj.db contains DATABASE.LAYOUT.VERSION.MINOR = 2 whereas a number >= 3 is expected. It comes from another PROJ installation.
2026-03-19 23:06:32,525 [WARNING] CPLE_AppDefined in PROJ: internal_proj_create_from_database: /home/agbelgaid/anaconda3/share/proj/proj.db contains DATABASE.LAYOUT.VERSION.MINOR = 2 whereas a number >= 3 is expected. It comes from another PROJ installation.
2026-03-19 23:06:32,809 [WARNING] CPLE_AppDefined in PROJ: internal_proj_create_from_database: /home/agbelgaid/anaconda3/share/proj/proj.db contains DATABASE.LAYOUT.VERSION.MINOR = 2 whereas a number >= 3 is expected. It comes from another PROJ installation.
2026-03-19 23:06:33,052 [WARNING] CPLE_AppDefined in PROJ: internal_proj_create_from_database: /home/agbelgaid/anaconda3/share/proj/proj.db contains DATABASE.LAYOUT.VERSION.MINOR = 2 whereas a number >= 3 is expected. It comes from another PROJ installation.
2026-03-19 23:06:33,228 [WARNING] CPLE_AppDefined in PROJ: internal_proj_create_from_database: /home/agbelgaid/anaconda3/share/proj/proj.db contains DATABASE.LAYOUT.VERSION.MINOR = 2 whereas a number >= 3 is expected. It comes from another PROJ installation.
2026-03-19 23:06:33,416 [WARNING] CPLE_AppDefined in PROJ: internal_proj_create_from_database: /home/agbelgaid/anaconda3/share/proj/proj.db contains DATABASE.LAYOUT.VERSION.MINOR = 2 whereas a number >= 3 is expected. It comes from another PROJ installation.
2026-03-19 23:06:33,608 [WARNING] CPLE_AppDefined in PROJ: internal_proj_create_from_database: /home/agbelgaid/anaconda3/share/proj/proj.db contains DATABASE.LAYOUT.VERSION.MINOR = 2 whereas a number >= 3 is expected. It comes from another PROJ installation.
2026-03-19 23:06:33,617 [INFO]   TCD: 13 stations | best coverage 100% | BD:13, CEC:13, CF:13, clay:13, N:13, occ:13, pH:13, sand:13, silt:13, occ_carbon:13, WR_volumetric:13, WR_volumetric2:13, WR_gravimetric:13
2026-03-19 23:06:34,087 [WARNING] CPLE_AppDefined in PROJ: internal_proj_create_from_database: /home/agbelgaid/anaconda3/share/proj/proj.db contains DATABASE.LAYOUT.VERSION.MINOR = 2 whereas a number >= 3 is expected. It comes from another PROJ installation.
2026-03-19 23:06:34,396 [WARNING] CPLE_AppDefined in PROJ: internal_proj_create_from_database: /home/agbelgaid/anaconda3/share/proj/proj.db contains DATABASE.LAYOUT.VERSION.MINOR = 2 whereas a number >= 3 is expected. It comes from another PROJ installation.
2026-03-19 23:06:34,553 [WARNING] CPLE_AppDefined in PROJ: internal_proj_create_from_database: /home/agbelgaid/anaconda3/share/proj/proj.db contains DATABASE.LAYOUT.VERSION.MINOR = 2 whereas a number >= 3 is expected. It comes from another PROJ installation.
2026-03-19 23:06:34,653 [WARNING] CPLE_AppDefined in PROJ: internal_proj_create_from_database: /home/agbelgaid/anaconda3/share/proj/proj.db contains DATABASE.LAYOUT.VERSION.MINOR = 2 whereas a number >= 3 is expected. It comes from another PROJ installation.
2026-03-19 23:06:35,104 [WARNING] CPLE_AppDefined in PROJ: internal_proj_create_from_database: /home/agbelgaid/anaconda3/share/proj/proj.db contains DATABASE.LAYOUT.VERSION.MINOR = 2 whereas a number >= 3 is expected. It comes from another PROJ installation.
2026-03-19 23:06:35,217 [WARNING] CPLE_AppDefined in PROJ: internal_proj_create_from_database: /home/agbelgaid/anaconda3/share/proj/proj.db contains DATABASE.LAYOUT.VERSION.MINOR = 2 whereas a number >= 3 is expected. It comes from another PROJ installation.
2026-03-19 23:06:35,606 [WARNING] CPLE_AppDefined in PROJ: internal_proj_create_from_database: /home/agbelgaid/anaconda3/share/proj/proj.db contains DATABASE.LAYOUT.VERSION.MINOR = 2 whereas a number >= 3 is expected. It comes from another PROJ installation.
2026-03-19 23:06:35,982 [WARNING] CPLE_AppDefined in PROJ: internal_proj_create_from_database: /home/agbelgaid/anaconda3/share/proj/proj.db contains DATABASE.LAYOUT.VERSION.MINOR = 2 whereas a number >= 3 is expected. It comes from another PROJ installation.
2026-03-19 23:06:36,231 [WARNING] CPLE_AppDefined in PROJ: internal_proj_create_from_database: /home/agbelgaid/anaconda3/share/proj/proj.db contains DATABASE.LAYOUT.VERSION.MINOR = 2 whereas a number >= 3 is expected. It comes from another PROJ installation.
2026-03-19 23:06:36,382 [WARNING] CPLE_AppDefined in PROJ: internal_proj_create_from_database: /home/agbelgaid/anaconda3/share/proj/proj.db contains DATABASE.LAYOUT.VERSION.MINOR = 2 whereas a number >= 3 is expected. It comes from another PROJ installation.
2026-03-19 23:06:36,521 [WARNING] CPLE_AppDefined in PROJ: internal_proj_create_from_database: /home/agbelgaid/anaconda3/share/proj/proj.db contains DATABASE.LAYOUT.VERSION.MINOR = 2 whereas a number >= 3 is expected. It comes from another PROJ installation.
2026-03-19 23:06:36,679 [WARNING] CPLE_AppDefined in PROJ: internal_proj_create_from_database: /home/agbelgaid/anaconda3/share/proj/proj.db contains DATABASE.LAYOUT.VERSION.MINOR = 2 whereas a number >= 3 is expected. It comes from another PROJ installation.
2026-03-19 23:06:36,831 [WARNING] CPLE_AppDefined in PROJ: internal_proj_create_from_database: /home/agbelgaid/anaconda3/share/proj/proj.db contains DATABASE.LAYOUT.VERSION.MINOR = 2 whereas a number >= 3 is expected. It comes from another PROJ installation.
2026-03-19 23:06:36,886 [INFO]   TUN: 40 stations | best coverage 88% | BD:35, CEC:35, CF:35, clay:35, N:35, occ:35, pH:35, sand:35, silt:35, occ_carbon:35, WR_volumetric:35, WR_volumetric2:35, WR_gravimetric:35
2026-03-19 23:06:37,310 [INFO] Extraction loop complete. Errors: []
2026-03-19 23:06:38,002 [INFO] Merging per-country checkpoints...
2026-03-19 23:06:39,979 [INFO] Merged: 48,435 stations × 18 columns
2026-03-19 23:06:40,666 [INFO] NB04 summary computed
2026-03-19 23:06:40,722 [INFO] Saved soilgrids_surface_all.parquet — 48,435 rows
2026-03-19 23:06:40,722 [INFO] NB04 completed successfully — proceed to NB05
