2026-03-19 23:18:43,193 [INFO] NB05 started at 2026-03-19T23:18:43.193645
2026-03-19 23:18:43,251 [INFO] Observed stations loaded: 48,435 (after QC filter)
2026-03-19 23:18:43,268 [INFO] SoilGrids stations loaded: 48,435
2026-03-19 23:18:43,660 [INFO] Merged table: 48,435 stations × 43 columns
2026-03-19 23:18:43,802 [INFO]   BD                  : obs=  445  sg=46,751  missing=1,239
2026-03-19 23:18:43,828 [INFO]   CEC                 : obs=11,999  sg=35,420  missing=1,016
2026-03-19 23:18:43,853 [INFO]   CF                  : obs=9,166  sg=38,191  missing=1,078
2026-03-19 23:18:43,877 [INFO]   clay                : obs=26,561  sg=21,208  missing=  666
2026-03-19 23:18:43,901 [INFO]   N                   : obs=15,694  sg=31,767  missing=  974
2026-03-19 23:18:43,925 [INFO]   occ                 : obs=29,402  sg=18,414  missing=  619
2026-03-19 23:18:43,950 [INFO]   pH                  : obs=39,314  sg=8,739  missing=  382
2026-03-19 23:18:43,973 [INFO]   sand                : obs=10,252  sg=37,162  missing=1,021
2026-03-19 23:18:43,996 [INFO]   silt                : obs=25,939  sg=21,809  missing=  687
2026-03-19 23:18:44,018 [INFO]   WR_volumetric       : obs=  429  sg=46,772  missing=1,234  [×100.0]
2026-03-19 23:18:44,040 [INFO]   WR_gravimetric      : obs=4,765  sg=42,527  missing=1,143  [×100.0]
2026-03-19 23:18:44,058 [INFO]   Al                  : obs=1,179  sg=    0  missing=47,256  [obs-only]
2026-03-19 23:18:44,075 [INFO]   Ca                  : obs=1,190  sg=    0  missing=47,245  [obs-only]
2026-03-19 23:18:44,092 [INFO]   CaCO3               : obs=6,173  sg=    0  missing=42,262  [obs-only]
2026-03-19 23:18:44,109 [INFO]   Cu                  : obs=1,173  sg=    0  missing=47,262  [obs-only]
2026-03-19 23:18:44,127 [INFO]   EC                  : obs=20,315  sg=    0  missing=28,120  [obs-only]
2026-03-19 23:18:44,146 [INFO]   Fe                  : obs=1,173  sg=    0  missing=47,262  [obs-only]
2026-03-19 23:18:44,163 [INFO]   K                   : obs=1,190  sg=    0  missing=47,245  [obs-only]
2026-03-19 23:18:44,184 [INFO]   Mg                  : obs=1,190  sg=    0  missing=47,245  [obs-only]
2026-03-19 23:18:44,202 [INFO]   Mn                  : obs=1,173  sg=    0  missing=47,262  [obs-only]
2026-03-19 23:18:44,219 [INFO]   Na                  : obs=   24  sg=    0  missing=48,411  [obs-only]
2026-03-19 23:18:44,236 [INFO]   nematode            : obs=  686  sg=    0  missing=47,749  [obs-only]
2026-03-19 23:18:44,253 [INFO]   P                   : obs=9,710  sg=    0  missing=38,725  [obs-only]
2026-03-19 23:18:44,271 [INFO]   TC                  : obs=2,939  sg=    0  missing=45,496  [obs-only]
2026-03-19 23:18:44,273 [INFO] Integration complete: 48,435 stations × 56 columns
2026-03-19 23:18:44,416 [INFO] Source flags table: 1,162,440 rows
2026-03-19 23:18:44,739 [INFO] NB05 summary computed
2026-03-19 23:18:45,276 [INFO] Saved unified_surface_all.parquet    — 48,435 rows, 2.70 MB
2026-03-19 23:18:45,277 [INFO] Saved unified_source_flags.parquet   — 1,162,440 rows, 2.89 MB
2026-03-19 23:18:45,278 [INFO] NB05 completed successfully — proceed to NB06
