2026-03-19 23:24:04,900 [INFO] NB07 started at 2026-03-19T23:24:04.900427
2026-03-19 23:24:04,981 [INFO] Unified loaded   : 48,435 stations × 56 columns
2026-03-19 23:24:04,982 [INFO] SoilGrids loaded : 48,435 stations × 18 columns
2026-03-19 23:24:04,984 [INFO] Countries to export: 23
2026-03-19 23:24:05,187 [INFO] SoilGrids scaled table: 48,435 rows × 19 columns
2026-03-19 23:24:05,632 [INFO]   AGO: 1571 stations | obs_stations=1571 | "              obs_cells=14361 sg_cells=8229 miss_cells=15114
2026-03-19 23:24:05,650 [INFO]   ALB: 67 stations | obs_stations=67 | "              obs_cells=543 sg_cells=284 miss_cells=781
2026-03-19 23:24:07,504 [INFO]   AUS: 33748 stations | obs_stations=33748 | "              obs_cells=137470 sg_cells=253872 miss_cells=418610
2026-03-19 23:24:07,527 [INFO]   BDI: 28 stations | obs_stations=28 | "              obs_cells=241 sg_cells=88 miss_cells=343
2026-03-19 23:24:07,577 [INFO]   BEN: 716 stations | obs_stations=716 | "              obs_cells=5611 sg_cells=2810 miss_cells=8763
2026-03-19 23:24:07,684 [INFO]   BFA: 1671 stations | obs_stations=1671 | "              obs_cells=9145 sg_cells=10712 miss_cells=20247
2026-03-19 23:24:07,769 [INFO]   BWA: 1253 stations | obs_stations=1253 | "              obs_cells=10659 sg_cells=7367 miss_cells=12046
2026-03-19 23:24:07,787 [INFO]   CAF: 80 stations | obs_stations=80 | "              obs_cells=656 sg_cells=306 miss_cells=958
2026-03-19 23:24:07,871 [INFO]   CMR: 1323 stations | obs_stations=1323 | "              obs_cells=9372 sg_cells=6801 miss_cells=15579
2026-03-19 23:24:08,040 [INFO]   DEU: 2873 stations | obs_stations=2873 | "              obs_cells=6996 sg_cells=23977 miss_cells=37979
2026-03-19 23:24:08,054 [INFO]   DZA: 10 stations | obs_stations=10 | "              obs_cells=67 sg_cells=52 miss_cells=121
2026-03-19 23:24:08,076 [INFO]   EST: 202 stations | obs_stations=202 | "              obs_cells=849 sg_cells=1625 miss_cells=2374
2026-03-19 23:24:08,250 [INFO]   FRA: 2962 stations | obs_stations=2962 | "              obs_cells=19182 sg_cells=17587 miss_cells=34319
2026-03-19 23:24:08,265 [INFO]   GEO: 18 stations | obs_stations=18 | "              obs_cells=150 sg_cells=72 miss_cells=210
2026-03-19 23:24:08,293 [INFO]   GRC: 305 stations | obs_stations=305 | "              obs_cells=909 sg_cells=2631 miss_cells=3780
2026-03-19 23:24:08,309 [INFO]   HRV: 79 stations | obs_stations=79 | "              obs_cells=226 sg_cells=710 miss_cells=960
2026-03-19 23:24:08,348 [INFO]   MAR: 114 stations | obs_stations=114 | "              obs_cells=613 sg_cells=700 miss_cells=1423
2026-03-19 23:24:08,363 [INFO]   MDA: 35 stations | obs_stations=35 | "              obs_cells=231 sg_cells=163 miss_cells=446
2026-03-19 23:24:08,377 [INFO]   MNE: 24 stations | obs_stations=24 | "              obs_cells=51 sg_cells=237 miss_cells=288
2026-03-19 23:24:08,468 [INFO]   NLD: 1287 stations | obs_stations=1287 | "              obs_cells=4166 sg_cells=10283 miss_cells=16439
2026-03-19 23:24:08,486 [INFO]   PNG: 16 stations | obs_stations=16 | "              obs_cells=132 sg_cells=71 miss_cells=181
2026-03-19 23:24:08,500 [INFO]   TCD: 13 stations | obs_stations=13 | "              obs_cells=104 sg_cells=57 miss_cells=151
2026-03-19 23:24:08,521 [INFO]   TUN: 40 stations | obs_stations=40 | "              obs_cells=347 sg_cells=126 miss_cells=487
2026-03-19 23:24:08,523 [INFO] Export loop complete: 23 countries
2026-03-19 23:24:08,536 [INFO] NB07 summary: 69 files, 29477 KB total
2026-03-19 23:24:08,700 [INFO] Export report written: /home/agbelgaid/Documents/WORKSPACE/DataCollection/SoilHive/reports/nb07_export_report.md
2026-03-19 23:24:08,701 [INFO] NB07 completed successfully — pipeline DONE
